21:37:SphereServer-eXperimental Version 0.56d-Nightly [WIN64] by www.spherecommunity.net.
21:37:Compiled at Nov 28 2018 (15:22:15) [build 2969 / GIT hash c04c099a84e2465f54f24035129ba2b6d11262f7]

21:37:WARNING:
-----------------------------------------------------------------
This is a nightly build of SphereServer. This build is to be used for testing and/or bug reporting ONLY.
DO NOT run this build on a live shard unless you know what you are doing!
Nightly builds are automatically made at every commit to the source code repository and might
contain errors, might be unstable or even destroy your shard as they are mostly untested!
-----------------------------------------------------------------

21:37:
Indexing the client files...
21:37:Expansion maps supported: Felucca (0), Trammel (1), Ilshenar (2), Malas (3), Tokuno Islands (4), Ter Mur (5)
21:37:Caching tiledata.mul...

21:37:Initializing the world...
21:37:Allocated map sectors: map0=7168 map1=7168 map2=900 map3=1280 map4=484 map5=1280

21:37:Indexing 204 script files...
21:37:Loading datas/scripts/sphere_admin.scp
21:37:Loading datas/scripts/sphere_backward_compatibility.scp
21:37:Loading datas/scripts/sphere_book.scp
21:37:Loading datas/scripts/sphere_defs.scp
21:37:Loading datas/scripts/sphere_dialog.scp
21:37:Loading datas/scripts/sphere_events_human.scp
21:37:Loading datas/scripts/sphere_events_npcs.scp
21:37:Loading datas/scripts/sphere_menu.scp
21:37:Loading datas/scripts/sphere_name.scp
21:37:Loading datas/scripts/sphere_serv_triggers.scp
21:37:Loading datas/scripts/sphere_skills.scp
21:37:Loading datas/scripts/sphere_skillmenu.scp
21:37:Loading datas/scripts/sphere_newb.scp
21:37:Loading datas/scripts/sphere_speech.scp
21:37:Loading datas/scripts/sphere_types.scp
21:37:Loading datas/scripts/items/sphere_item_wedding.scp
21:37:Loading datas/scripts/items/sphere_item_vice_virtue.scp
21:37:Loading datas/scripts/items/sphere_item_veteran_rewards.scp
21:37:Loading datas/scripts/items/sphere_item_vegetation.scp
21:37:Loading datas/scripts/items/sphere_item_unsorted.scp
21:37:Loading datas/scripts/items/sphere_item_typedef_equipitem.scp
21:37:Loading datas/scripts/items/sphere_item_typedefs.scp
21:37:Loading datas/scripts/items/sphere_item_theme_pack_shadow.scp
21:37:Loading datas/scripts/items/sphere_item_theme_pack_rustic.scp
21:37:Loading datas/scripts/items/sphere_item_theme_pack_kings_collection.scp
21:37:Loading datas/scripts/items/sphere_item_theme_pack_gothic.scp
21:37:Loading datas/scripts/items/sphere_item_theme_pack_crystal.scp
21:37:Loading datas/scripts/items/sphere_item_siege.scp
21:37:Loading datas/scripts/items/sphere_item_ship_parts_tokuno.scp
21:37:Loading datas/scripts/items/sphere_item_ship_parts_orcish.scp
21:37:Loading datas/scripts/items/sphere_item_ship_parts_gargish.scp
21:37:Loading datas/scripts/items/sphere_item_ship_parts_britannian.scp
21:37:Loading datas/scripts/items/sphere_item_ship_parts.scp
21:37:Loading datas/scripts/items/sphere_item_resources.scp
21:37:Loading datas/scripts/items/sphere_item_quests.scp
21:37:Loading datas/scripts/items/sphere_item_provisions_weapons.scp
21:37:Loading datas/scripts/items/sphere_item_provisions_shields.scp
21:37:Loading datas/scripts/items/sphere_item_provisions_potions.scp
21:37:Loading datas/scripts/items/sphere_item_provisions_ore.scp
21:37:Loading datas/scripts/items/sphere_item_provisions_misc.scp
21:37:Loading datas/scripts/items/sphere_item_provisions_logs.scp
21:37:Loading datas/scripts/items/sphere_item_provisions_jewelry.scp
21:37:Loading datas/scripts/items/sphere_item_provisions_deed.scp
21:37:Loading datas/scripts/items/sphere_item_provisions_clothing.scp
21:37:Loading datas/scripts/items/sphere_item_provisions_armor_color.scp
21:37:Loading datas/scripts/items/sphere_item_provisions_armor.scp
21:37:Loading datas/scripts/items/sphere_item_profession_tailor_tanner.scp
21:37:Loading datas/scripts/items/sphere_item_profession_cook_barkeep_baker.scp
21:37:Loading datas/scripts/items/sphere_item_profession_cartographer.scp
21:37:Loading datas/scripts/items/sphere_item_profession_barber.scp
21:37:Loading datas/scripts/items/sphere_item_profession_alchemist.scp
21:37:Loading datas/scripts/items/sphere_item_profession.scp
21:37:Loading datas/scripts/items/sphere_item_offset.scp
21:37:Loading datas/scripts/items/sphere_item_misc.scp
21:37:Loading datas/scripts/items/sphere_item_memories.scp
21:37:Loading datas/scripts/items/sphere_item_magic_weapon.scp
21:37:Loading datas/scripts/items/sphere_item_magic_wands.scp
21:37:Loading datas/scripts/items/sphere_item_magic_spellweaving.scp
21:37:Loading datas/scripts/items/sphere_item_magic_skillmasteries.scp
21:37:Loading datas/scripts/items/sphere_item_magic_ninjitsu_bushido.scp
21:37:Loading datas/scripts/items/sphere_item_magic_necromancer_aos.scp
21:37:Loading datas/scripts/items/sphere_item_magic_mysticism.scp
21:37:Loading datas/scripts/items/sphere_item_magic_magery.scp
21:37:Loading datas/scripts/items/sphere_item_magic_leather.scp
21:37:Loading datas/scripts/items/sphere_item_magic_chivalry.scp
21:37:Loading datas/scripts/items/sphere_item_magic_armor.scp
21:37:Loading datas/scripts/items/sphere_item_holiday_valentines.scp
21:37:Loading datas/scripts/items/sphere_item_holiday_other.scp
21:37:Loading datas/scripts/items/sphere_item_holiday_halloween.scp
21:37:Loading datas/scripts/items/sphere_item_holiday_easter.scp
21:37:Loading datas/scripts/items/sphere_item_holiday_christmas.scp
21:37:Loading datas/scripts/items/sphere_item_holiday_anniversary.scp
21:37:Loading datas/scripts/items/sphere_item_ground_tiles.scp
21:37:Loading datas/scripts/items/sphere_item_deco_wall_hangings.scp
21:37:Loading datas/scripts/items/sphere_item_deco_virtues.scp
21:37:Loading datas/scripts/items/sphere_item_deco_themed_collections.scp
21:37:Loading datas/scripts/items/sphere_item_deco_signs.scp
21:37:Loading datas/scripts/items/sphere_item_deco_miniatures.scp
21:37:Loading datas/scripts/items/sphere_item_deco_lightsources.scp
21:37:Loading datas/scripts/items/sphere_item_deco_furniture.scp
21:37:Loading datas/scripts/items/sphere_item_deco_fireplace_chimney_oven.scp
21:37:Loading datas/scripts/items/sphere_item_deco_dungeons_traps_dead.scp
21:37:Loading datas/scripts/items/sphere_item_deco_carvings_statues.scp
21:37:Loading datas/scripts/items/sphere_item_deco_carpet_rugs.scp
21:37:Loading datas/scripts/items/sphere_item_char_icons.scp
21:37:Loading datas/scripts/items/sphere_item_building_walls.scp
21:37:Loading datas/scripts/items/sphere_item_building_stairs.scp
21:37:Loading datas/scripts/items/sphere_item_building_roofs.scp
21:37:Loading datas/scripts/items/sphere_item_building_other.scp
21:37:Loading datas/scripts/items/sphere_item_building_floors.scp
21:37:Loading datas/scripts/items/sphere_item_building_doors.scp
21:37:Loading datas/scripts/items/sphere_item_buildings.scp
21:37:Loading datas/scripts/items/sphere_item_boulders_rocks.scp
21:37:Loading datas/scripts/items/sphere_item_artifacts_tokuno.scp
21:37:Loading datas/scripts/items/sphere_item_artifacts_minor.scp
21:37:Loading datas/scripts/items/sphere_item_artifacts.scp
21:37:Loading datas/scripts/items/sphere_item_animations.scp
21:37:Loading datas/scripts/items/multis/multis_wandering_camps.scp
21:37:Loading datas/scripts/items/multis/multis_stairs.scp
21:37:Loading datas/scripts/items/multis/multis_ships.scp
21:37:Loading datas/scripts/items/multis/multis_misc.scp
21:37:Loading datas/scripts/items/multis/multis_magincia_bazaar.scp
21:37:Loading datas/scripts/items/multis/multis_houses.scp
21:37:Loading datas/scripts/items/multis/multis_foundations.scp
21:37:Loading datas/scripts/templates/sphere_template.scp
21:37:Loading datas/scripts/templates/sphere_template_armor.scp
21:37:Loading datas/scripts/templates/sphere_template_loot.scp
21:37:Loading datas/scripts/templates/sphere_template_magic.scp
21:37:Loading datas/scripts/templates/sphere_template_misc.scp
21:37:Loading datas/scripts/templates/sphere_template_vend.scp
21:37:Loading datas/scripts/templates/sphere_template_weapons.scp
21:37:Loading datas/scripts/stones/sphere_genericstone_types.scp
21:37:Loading datas/scripts/stones/sphere_genericstone_items.scp
21:37:Loading datas/scripts/stones/sphere_genericstone_functions.scp
21:37:Loading datas/scripts/stones/sphere_genericstone_config.scp
21:37:Loading datas/scripts/stones/guilds/sphere_guild_types.scp
21:37:Loading datas/scripts/stones/guilds/sphere_guild_speech.scp
21:37:Loading datas/scripts/stones/guilds/sphere_guild_promptconsole.scp
21:37:Loading datas/scripts/stones/guilds/sphere_guild_items.scp
21:37:Loading datas/scripts/stones/guilds/sphere_guild_functions_player.scp
21:37:Loading datas/scripts/stones/guilds/sphere_guild_functions.scp
21:37:Loading datas/scripts/stones/guilds/sphere_guild_events.scp
21:37:Loading datas/scripts/stones/guilds/sphere_guild_dlg_warfarestatus.scp
21:37:Loading datas/scripts/stones/guilds/sphere_guild_dlg_warfaredeclare.scp
21:37:Loading datas/scripts/stones/guilds/sphere_guild_dlg_warfareadmin.scp
21:37:Loading datas/scripts/stones/guilds/sphere_guild_dlg_master.scp
21:37:Loading datas/scripts/stones/guilds/sphere_guild_dlg_main.scp
21:37:Loading datas/scripts/stones/guilds/sphere_guild_dlg_guildlist.scp
21:37:Loading datas/scripts/stones/guilds/sphere_guild_dlg_charter.scp
21:37:Loading datas/scripts/stones/guilds/sphere_guild_dlg_charlist.scp
21:37:Loading datas/scripts/stones/guilds/sphere_guild_dlg_align.scp
21:37:Loading datas/scripts/stones/guilds/sphere_guild_config.scp
21:37:Loading datas/scripts/stones/towns/sphere_town_types.scp
21:37:Loading datas/scripts/stones/towns/sphere_town_speech.scp
21:37:Loading datas/scripts/stones/towns/sphere_town_promptconsole.scp
21:37:Loading datas/scripts/stones/towns/sphere_town_items.scp
21:37:Loading datas/scripts/stones/towns/sphere_town_functions_player.scp
21:37:Loading datas/scripts/stones/towns/sphere_town_functions.scp
21:37:Loading datas/scripts/stones/towns/sphere_town_events.scp
21:37:Loading datas/scripts/stones/towns/sphere_town_dlg_warfarestatus.scp
21:37:Loading datas/scripts/stones/towns/sphere_town_dlg_warfaredeclare.scp
21:37:Loading datas/scripts/stones/towns/sphere_town_dlg_warfareadmin.scp
21:37:Loading datas/scripts/stones/towns/sphere_town_dlg_townlist.scp
21:37:Loading datas/scripts/stones/towns/sphere_town_dlg_master.scp
21:37:Loading datas/scripts/stones/towns/sphere_town_dlg_main.scp
21:37:Loading datas/scripts/stones/towns/sphere_town_dlg_charter.scp
21:37:Loading datas/scripts/stones/towns/sphere_town_dlg_charlist.scp
21:37:Loading datas/scripts/stones/towns/sphere_town_dlg_align.scp
21:37:Loading datas/scripts/stones/towns/sphere_town_config.scp
21:37:Loading datas/scripts/npcs/spherechar_grave.scp
21:37:Loading datas/scripts/npcs/sphere_vendors.scp
21:37:Loading datas/scripts/npcs/sphere_monsters_custom.scp
21:37:Loading datas/scripts/npcs/sphere_monsters.scp
21:37:Loading datas/scripts/npcs/sphere_guildmasters.scp
21:37:Loading datas/scripts/npcs/sphere_citizens.scp
21:37:Loading datas/scripts/npcs/spherechar_human.scp
21:37:Loading datas/scripts/npcs/spherechar_evil.scp
21:37:Loading datas/scripts/speech/spk_ship_cmds.scp
21:37:Loading datas/scripts/speech/spk_house_cmds.scp
21:37:Loading datas/scripts/speech/speakshopkeep.scp
21:37:Loading datas/scripts/speech/speakhuman.scp
21:37:Loading datas/scripts/systems/sphere_system_weapon_bonus.scp
21:37:Loading datas/scripts/systems/sphere_system_treasure_maps.scp
21:37:Loading datas/scripts/systems/sphere_system_spawn.scp
21:37:Loading datas/scripts/systems/sphere_system_secret_chest.scp
21:37:Loading datas/scripts/systems/sphere_system_dialogs.scp
21:37:Loading datas/scripts/systems/sphere_system_aquarium.scp
21:37:Loading datas/scripts/systems/sphere_system_achievements.scp
21:37:Loading datas/scripts/sphere_spawns.scp
21:37:Loading datas/scripts/sphere_spells.scp
21:37:Loading datas/scripts/functions/sphere_function_misc.scp
21:37:Loading datas/scripts/functions/sphere_function_dialog.scp
21:37:Loading datas/scripts/sphere_region.scp
21:37:Loading datas/scripts/maps/sphere_map0.scp
21:37:Loading datas/scripts/maps/sphere_map0_ml.scp
21:37:Loading datas/scripts/maps/sphere_map0_sa.scp
21:37:Loading datas/scripts/maps/sphere_map0_hs.scp
21:37:Loading datas/scripts/maps/sphere_map1.scp
21:37:Loading datas/scripts/maps/sphere_map2.scp
21:37:Loading datas/scripts/maps/sphere_map2_ml.scp
21:37:Loading datas/scripts/maps/sphere_map3.scp
21:37:Loading datas/scripts/maps/sphere_map3_se.scp
21:37:Loading datas/scripts/maps/sphere_map3_ml.scp
21:37:Loading datas/scripts/maps/sphere_map4.scp
21:37:Loading datas/scripts/maps/sphere_map5.scp
21:37:Loading datas/scripts/maps/sphere_map5_tol.scp
21:37:Loading datas/scripts/maps/sphere_map_points0.scp
21:37:Loading datas/scripts/maps/sphere_map_points0_ml.scp
21:37:Loading datas/scripts/maps/sphere_map_points0_hs.scp
21:37:Loading datas/scripts/maps/sphere_map_points0_tol.scp
21:37:Loading datas/scripts/maps/sphere_map_points1.scp
21:37:Loading datas/scripts/maps/sphere_map_points2.scp
21:37:Loading datas/scripts/maps/sphere_map_points2_ml.scp
21:37:Loading datas/scripts/maps/sphere_map_points3.scp
21:37:Loading datas/scripts/maps/sphere_map_points3_se.scp
21:37:Loading datas/scripts/maps/sphere_map_points3_ml.scp
21:37:Loading datas/scripts/maps/sphere_map_points4.scp
21:37:Loading datas/scripts/maps/sphere_map_points5.scp
21:37:Loading datas/scripts/maps/sphere_map_points5_tol.scp
21:37:Loading datas/scripts/test.scp
21:37:Loading datas/scripts/sphere_msgs.scp
21:37:Loading datas/scripts/sphere_combat.scp
21:37:Loading datas/scripts/sphere_add_sqlite.scp
21:37:Loading datas/scripts/bin.scp
21:37:Done loading scripts (55 of 206 triggers used).
21:37:
21:37:Loaded 246 client encryption keys.
21:37:Server started on hostname 'DESKTOP-GIBNJ24'
21:37:Monitoring IP 192.168.0.3:2593
21:37:Loading datas/saves/spheredata.scp...
21:37:Loading datas/saves/spherestatics.scp...
21:37:Loading datas/saves/sphereworld.scp...
21:37:Loading datas/saves/spherechars.scp...
21:37:ERROR:(spherechars.scp,19)Undefined keyword 'SPEECHCOLOR'
21:37:Loading datas/saves/spheremultis.scp...
21:37:Garbage Collection: started.
21:37:Garbage Collection: done. 17 Objects accounted for.
21:37:Option flags: NoDClickTarget + ScaleDamageByDurability + CommandSysmessages + OSIMultiSight + FileCommands + NoHouseMuteSpeech + FloodProtection + Buffs + NoPrefix + DyeType + DrinkIsFood
21:37:Experimental flags: ItemStacking + TelnetPacketFilter + ScriptProfiler + DamageTools
21:37:Admin=hamitdevecioglu@gmail.com, URL=www.uo-developer.com, Lang=Turkish, TZ=0
21:37:Startup complete. items=16, chars=1
21:37:Press '?' for console commands.
21:37:0:Client connected [Total:1]. IP='127.0.0.1'. (Connecting/Connected: 1/1).
21:37:0:Login for account 'xwerswoodx'. IP='127.0.0.1'. ConnectionType: ServerList.
21:37:1:Client connected [Total:2]. IP='127.0.0.1'. (Connecting/Connected: 1/2).
21:37:0:Client disconnected [Total:1]. Account: 'xwerswoodx'. IP='127.0.0.1'.
21:37:1:Login for account 'xwerswoodx'. IP='127.0.0.1'. ConnectionType: CharList/Game.
21:37:1:Character startup for account 'xwerswoodx', char 'Hamit'. IP='127.0.0.1'.
21:37:1:'xwerswoodx' commands 'add i_stone_dialog'=1
21:42:Garbage Collection: started.
21:42:Garbage Collection: done. 18 Objects accounted for.
21:42:World data saved   (datas/saves/sphereworld.scp).
21:42:Player data saved  (datas/saves/spherechars.scp).
21:42:Multi data saved   (datas/saves/spheremultis.scp).
21:42:Context data saved (datas/saves/spheredata.scp).
21:42:World save completed, took 0.8480 seconds.
21:42:1:'xwerswoodx' commands 'sysmessage //'=1
21:43:ERROR:Undefined keyword 'rr'
21:43:unknown command 'rr'
21:43:Server is being PAUSED for Resync
21:43:Resync Restart
21:43:
Indexing the client files...
21:43:Expansion maps supported: Felucca (0), Trammel (1), Ilshenar (2), Malas (3), Tokuno Islands (4), Ter Mur (5)
21:43:Caching tiledata.mul...

21:43:Indexing 204 script files...
21:43:WARNING:Resource 'datas/scripts/test.scp' changed, resync.
21:43:Done loading scripts.
21:43:
21:43:Resync complete!
21:43:1:'Hamit' Says UNICODE 'ENG' 'ü' mode=0
21:43:1:'xwerswoodx' commands 'abc'=1
21:43:Server is being PAUSED for Resync
21:43:Resync Restart
21:43:
Indexing the client files...
21:43:Expansion maps supported: Felucca (0), Trammel (1), Ilshenar (2), Malas (3), Tokuno Islands (4), Ter Mur (5)
21:43:Caching tiledata.mul...

21:43:Indexing 204 script files...
21:43:WARNING:Resource 'datas/scripts/test.scp' changed, resync.
21:43:Done loading scripts.
21:43:
21:43:Resync complete!
21:43:1:'xwerswoodx' commands 'abc'=1
21:43:Server is being PAUSED for Resync
21:43:Resync Restart
21:43:
Indexing the client files...
21:43:Expansion maps supported: Felucca (0), Trammel (1), Ilshenar (2), Malas (3), Tokuno Islands (4), Ter Mur (5)
21:43:Caching tiledata.mul...

21:43:Indexing 204 script files...
21:43:WARNING:Resource 'datas/scripts/test.scp' changed, resync.
21:43:Done loading scripts.
21:43:
21:43:Resync complete!
21:43:1:'xwerswoodx' commands 'abc'=1
21:43:Server is being PAUSED for Resync
21:43:Resync Restart
21:43:
Indexing the client files...
21:43:Expansion maps supported: Felucca (0), Trammel (1), Ilshenar (2), Malas (3), Tokuno Islands (4), Ter Mur (5)
21:43:Caching tiledata.mul...

21:43:Indexing 204 script files...
21:43:WARNING:Resource 'datas/scripts/test.scp' changed, resync.
21:43:Done loading scripts.
21:43:
21:43:Resync complete!
21:43:1:'xwerswoodx' commands 'abc'=1
21:44:Server is being PAUSED for Resync
21:44:Resync Restart
21:44:
Indexing the client files...
21:44:Expansion maps supported: Felucca (0), Trammel (1), Ilshenar (2), Malas (3), Tokuno Islands (4), Ter Mur (5)
21:44:Caching tiledata.mul...

21:44:Indexing 204 script files...
21:44:WARNING:Resource 'datas/scripts/test.scp' changed, resync.
21:44:Done loading scripts.
21:44:
21:44:Resync complete!
21:44:1:'xwerswoodx' commands 'abc'=1
21:47:Garbage Collection: started.
21:47:Garbage Collection: done. 18 Objects accounted for.
21:47:World data saved   (datas/saves/sphereworld.scp).
21:47:Player data saved  (datas/saves/spherechars.scp).
21:47:Multi data saved   (datas/saves/spheremultis.scp).
21:47:Context data saved (datas/saves/spheredata.scp).
21:47:World save completed, took 0.7905 seconds.
21:52:Garbage Collection: started.
21:52:Garbage Collection: done. 18 Objects accounted for.
21:52:World data saved   (datas/saves/sphereworld.scp).
21:52:Player data saved  (datas/saves/spherechars.scp).
21:52:Multi data saved   (datas/saves/spheremultis.scp).
21:52:Context data saved (datas/saves/spheredata.scp).
21:52:World save completed, took 0.9404 seconds.
21:57:Garbage Collection: started.
21:57:Garbage Collection: done. 18 Objects accounted for.
21:57:World data saved   (datas/saves/sphereworld.scp).
21:57:Player data saved  (datas/saves/spherechars.scp).
21:57:Multi data saved   (datas/saves/spheremultis.scp).
21:57:Context data saved (datas/saves/spheredata.scp).
21:57:World save completed, took 0.4721 seconds.
22:02:Garbage Collection: started.
22:02:Garbage Collection: done. 18 Objects accounted for.
22:02:World data saved   (datas/saves/sphereworld.scp).
22:02:Player data saved  (datas/saves/spherechars.scp).
22:02:Multi data saved   (datas/saves/spheremultis.scp).
22:02:Context data saved (datas/saves/spheredata.scp).
22:02:World save completed, took 0.5035 seconds.
22:07:Garbage Collection: started.
22:07:Garbage Collection: done. 18 Objects accounted for.
22:07:World data saved   (datas/saves/sphereworld.scp).
22:07:Player data saved  (datas/saves/spherechars.scp).
22:07:Multi data saved   (datas/saves/spheremultis.scp).
22:07:Context data saved (datas/saves/spheredata.scp).
22:07:World save completed, took 0.1676 seconds.
22:12:Garbage Collection: started.
22:12:Garbage Collection: done. 18 Objects accounted for.
22:12:World data saved   (datas/saves/sphereworld.scp).
22:12:Player data saved  (datas/saves/spherechars.scp).
22:12:Multi data saved   (datas/saves/spheremultis.scp).
22:12:Context data saved (datas/saves/spheredata.scp).
22:12:World save completed, took 0.4570 seconds.
22:17:Garbage Collection: started.
22:17:Garbage Collection: done. 18 Objects accounted for.
22:17:World data saved   (datas/saves/sphereworld.scp).
22:17:Player data saved  (datas/saves/spherechars.scp).
22:17:Multi data saved   (datas/saves/spheremultis.scp).
22:17:Context data saved (datas/saves/spheredata.scp).
22:17:World save completed, took 0.5178 seconds.
22:22:Garbage Collection: started.
22:22:Garbage Collection: done. 18 Objects accounted for.
22:22:World data saved   (datas/saves/sphereworld.scp).
22:22:Player data saved  (datas/saves/spherechars.scp).
22:22:Multi data saved   (datas/saves/spheremultis.scp).
22:22:Context data saved (datas/saves/spheredata.scp).
22:22:World save completed, took 0.9989 seconds.
22:24:Server is being PAUSED for Resync
22:24:Resync Restart
22:24:
Indexing the client files...
22:24:Expansion maps supported: Felucca (0), Trammel (1), Ilshenar (2), Malas (3), Tokuno Islands (4), Ter Mur (5)
22:24:Caching tiledata.mul...

22:24:Indexing 204 script files...
22:24:WARNING:Resource 'datas/scripts/test.scp' changed, resync.
22:24:Done loading scripts.
22:24:
22:24:Resync complete!
22:24:1:'xwerswoodx' commands 'abc'=1
22:24:Server is being PAUSED for Resync
22:24:Resync Restart
22:24:
Indexing the client files...
22:24:Expansion maps supported: Felucca (0), Trammel (1), Ilshenar (2), Malas (3), Tokuno Islands (4), Ter Mur (5)
22:24:Caching tiledata.mul...

22:24:Indexing 204 script files...
22:24:WARNING:Resource 'datas/scripts/test.scp' changed, resync.
22:24:Done loading scripts.
22:24:
22:24:Resync complete!
22:24:1:'xwerswoodx' commands 'abc'=1
22:24:1:'xwerswoodx' commands 'abc'=1
22:25:Server is being PAUSED for Resync
22:25:Resync Restart
22:25:
Indexing the client files...
22:25:Expansion maps supported: Felucca (0), Trammel (1), Ilshenar (2), Malas (3), Tokuno Islands (4), Ter Mur (5)
22:25:Caching tiledata.mul...

22:25:Indexing 204 script files...
22:25:WARNING:Resource 'datas/scripts/test.scp' changed, resync.
22:25:Done loading scripts.
22:25:
22:25:Resync complete!
22:25:ERROR:(test.scp,2)Undefined symbol ''
22:25:ERROR:(test.scp,2)Evaluating math: Divide by 0
22:25:ERROR:(test.scp,3)Undefined symbol ''
22:25:ERROR:(test.scp,3)Evaluating math: Divide by 0
22:25:1:'xwerswoodx' commands 'abc'=1
22:25:Server is being PAUSED for Resync
22:25:Resync Restart
22:25:
Indexing the client files...
22:25:Expansion maps supported: Felucca (0), Trammel (1), Ilshenar (2), Malas (3), Tokuno Islands (4), Ter Mur (5)
22:25:Caching tiledata.mul...

22:25:Indexing 204 script files...
22:25:WARNING:Resource 'datas/scripts/test.scp' changed, resync.
22:25:Done loading scripts.
22:25:
22:25:Resync complete!
22:25:ERROR:(test.scp,2)Undefined symbol ''
22:25:ERROR:(test.scp,2)Evaluating math: Divide by 0
22:25:ERROR:(test.scp,3)Undefined symbol ''
22:25:ERROR:(test.scp,3)Evaluating math: Divide by 0
22:25:1:'xwerswoodx' commands 'abc'=1
22:26:Server is being PAUSED for Resync
22:26:Resync Restart
22:26:
Indexing the client files...
22:26:Expansion maps supported: Felucca (0), Trammel (1), Ilshenar (2), Malas (3), Tokuno Islands (4), Ter Mur (5)
22:26:Caching tiledata.mul...

22:26:Indexing 204 script files...
22:26:WARNING:Resource 'datas/scripts/test.scp' changed, resync.
22:26:Done loading scripts.
22:26:
22:26:Resync complete!
22:26:ERROR:(test.scp,2)Undefined symbol ''
22:26:ERROR:(test.scp,2)Evaluating math: Divide by 0
22:26:ERROR:(test.scp,3)Undefined symbol ''
22:26:ERROR:(test.scp,3)Evaluating math: Divide by 0
22:26:1:'xwerswoodx' commands 'abc'=1
22:26:Server is being PAUSED for Resync
22:26:Resync Restart
22:26:
Indexing the client files...
22:26:Expansion maps supported: Felucca (0), Trammel (1), Ilshenar (2), Malas (3), Tokuno Islands (4), Ter Mur (5)
22:26:Caching tiledata.mul...

22:26:Indexing 204 script files...
22:26:WARNING:Resource 'datas/scripts/test.scp' changed, resync.
22:26:Done loading scripts.
22:26:
22:26:Resync complete!
22:26:ERROR:(test.scp,4)Undefined symbol ''
22:26:ERROR:(test.scp,4)Evaluating math: Divide by 0
22:26:ERROR:(test.scp,4)Evaluating math: Divide by 0
22:26:1:'xwerswoodx' commands 'abc'=1
22:27:Garbage Collection: started.
22:27:Garbage Collection: done. 18 Objects accounted for.
22:27:World data saved   (datas/saves/sphereworld.scp).
22:27:Player data saved  (datas/saves/spherechars.scp).
22:27:Multi data saved   (datas/saves/spheremultis.scp).
22:27:Context data saved (datas/saves/spheredata.scp).
22:27:World save completed, took 0.4586 seconds.
22:27:Server is being PAUSED for Resync
22:27:Resync Restart
22:27:
Indexing the client files...
22:27:Expansion maps supported: Felucca (0), Trammel (1), Ilshenar (2), Malas (3), Tokuno Islands (4), Ter Mur (5)
22:27:Caching tiledata.mul...

22:27:Indexing 204 script files...
22:27:WARNING:Resource 'datas/scripts/systems/sphere_system_dialogs.scp' changed, resync.
22:27:WARNING:Resource 'datas/scripts/test.scp' changed, resync.
22:27:Done loading scripts.
22:27:
22:27:Resync complete!
22:31:Server is being PAUSED for Resync
22:31:Resync Restart
22:31:
Indexing the client files...
22:31:Expansion maps supported: Felucca (0), Trammel (1), Ilshenar (2), Malas (3), Tokuno Islands (4), Ter Mur (5)
22:31:Caching tiledata.mul...

22:31:Indexing 204 script files...
22:31:WARNING:Resource 'datas/scripts/systems/sphere_system_dialogs.scp' changed, resync.
22:31:Done loading scripts.
22:31:
22:31:Resync complete!
22:32:Garbage Collection: started.
22:32:Garbage Collection: done. 18 Objects accounted for.
22:32:World data saved   (datas/saves/sphereworld.scp).
22:32:Player data saved  (datas/saves/spherechars.scp).
22:32:Multi data saved   (datas/saves/spheremultis.scp).
22:32:Context data saved (datas/saves/spheredata.scp).
22:32:World save completed, took 0.8331 seconds.
22:37:Garbage Collection: started.
22:37:Garbage Collection: done. 18 Objects accounted for.
22:37:World data saved   (datas/saves/sphereworld.scp).
22:37:Player data saved  (datas/saves/spherechars.scp).
22:37:Multi data saved   (datas/saves/spheremultis.scp).
22:37:Context data saved (datas/saves/spheredata.scp).
22:37:World save completed, took 0.9923 seconds.
22:39:Server is being PAUSED for Resync
22:39:Resync Restart
22:39:
Indexing the client files...
22:39:Expansion maps supported: Felucca (0), Trammel (1), Ilshenar (2), Malas (3), Tokuno Islands (4), Ter Mur (5)
22:39:Caching tiledata.mul...

22:39:Indexing 204 script files...
22:39:WARNING:Resource 'datas/scripts/systems/sphere_system_dialogs.scp' changed, resync.
22:39:Done loading scripts.
22:39:
22:39:Resync complete!
22:42:Garbage Collection: started.
22:42:Garbage Collection: done. 18 Objects accounted for.
22:42:World data saved   (datas/saves/sphereworld.scp).
22:42:Player data saved  (datas/saves/spherechars.scp).
22:42:Multi data saved   (datas/saves/spheremultis.scp).
22:42:Context data saved (datas/saves/spheredata.scp).
22:42:World save completed, took 0.4128 seconds.
22:47:Garbage Collection: started.
22:47:Garbage Collection: done. 18 Objects accounted for.
22:47:World data saved   (datas/saves/sphereworld.scp).
22:47:Player data saved  (datas/saves/spherechars.scp).
22:47:Multi data saved   (datas/saves/spheremultis.scp).
22:47:Context data saved (datas/saves/spheredata.scp).
22:47:World save completed, took 0.6833 seconds.
22:52:Garbage Collection: started.
22:52:Garbage Collection: done. 18 Objects accounted for.
22:52:World data saved   (datas/saves/sphereworld.scp).
22:52:Player data saved  (datas/saves/spherechars.scp).
22:52:Multi data saved   (datas/saves/spheremultis.scp).
22:52:Context data saved (datas/saves/spheredata.scp).
22:52:World save completed, took 0.2032 seconds.
22:57:Garbage Collection: started.
22:57:Garbage Collection: done. 18 Objects accounted for.
22:57:World data saved   (datas/saves/sphereworld.scp).
22:57:Player data saved  (datas/saves/spherechars.scp).
22:57:Multi data saved   (datas/saves/spheremultis.scp).
22:57:Context data saved (datas/saves/spheredata.scp).
22:57:World save completed, took 0.9587 seconds.
23:02:Garbage Collection: started.
23:02:Garbage Collection: done. 18 Objects accounted for.
23:02:World data saved   (datas/saves/sphereworld.scp).
23:02:Player data saved  (datas/saves/spherechars.scp).
23:02:Multi data saved   (datas/saves/spheremultis.scp).
23:02:Context data saved (datas/saves/spheredata.scp).
23:02:World save completed, took 0.7522 seconds.
23:07:Garbage Collection: started.
23:07:Garbage Collection: done. 18 Objects accounted for.
23:07:World data saved   (datas/saves/sphereworld.scp).
23:07:Player data saved  (datas/saves/spherechars.scp).
23:07:Multi data saved   (datas/saves/spheremultis.scp).
23:07:Context data saved (datas/saves/spheredata.scp).
23:07:World save completed, took 0.2161 seconds.
23:12:Garbage Collection: started.
23:12:Garbage Collection: done. 18 Objects accounted for.
23:12:World data saved   (datas/saves/sphereworld.scp).
23:12:Player data saved  (datas/saves/spherechars.scp).
23:12:Multi data saved   (datas/saves/spheremultis.scp).
23:12:Context data saved (datas/saves/spheredata.scp).
23:12:World save completed, took 0.9468 seconds.
23:17:Garbage Collection: started.
23:17:Garbage Collection: done. 18 Objects accounted for.
23:17:World data saved   (datas/saves/sphereworld.scp).
23:17:Player data saved  (datas/saves/spherechars.scp).
23:17:Multi data saved   (datas/saves/spheremultis.scp).
23:17:Context data saved (datas/saves/spheredata.scp).
23:17:World save completed, took 0.7784 seconds.
23:22:Garbage Collection: started.
23:22:Garbage Collection: done. 18 Objects accounted for.
23:22:World data saved   (datas/saves/sphereworld.scp).
23:22:Player data saved  (datas/saves/spherechars.scp).
23:22:Multi data saved   (datas/saves/spheremultis.scp).
23:22:Context data saved (datas/saves/spheredata.scp).
23:22:World save completed, took 0.8536 seconds.
23:27:Garbage Collection: started.
23:27:Garbage Collection: done. 18 Objects accounted for.
23:27:World data saved   (datas/saves/sphereworld.scp).
23:27:Player data saved  (datas/saves/spherechars.scp).
23:27:Multi data saved   (datas/saves/spheremultis.scp).
23:27:Context data saved (datas/saves/spheredata.scp).
23:27:World save completed, took 0.1329 seconds.
23:32:Garbage Collection: started.
23:32:Garbage Collection: done. 18 Objects accounted for.
23:32:World data saved   (datas/saves/sphereworld.scp).
23:32:Player data saved  (datas/saves/spherechars.scp).
23:32:Multi data saved   (datas/saves/spheremultis.scp).
23:32:Context data saved (datas/saves/spheredata.scp).
23:32:World save completed, took 0.9425 seconds.
23:37:Garbage Collection: started.
23:37:Garbage Collection: done. 18 Objects accounted for.
23:37:World data saved   (datas/saves/sphereworld.scp).
23:37:Player data saved  (datas/saves/spherechars.scp).
23:37:Multi data saved   (datas/saves/spheremultis.scp).
23:37:Context data saved (datas/saves/spheredata.scp).
23:37:World save completed, took 0.7499 seconds.
23:42:Garbage Collection: started.
23:42:Garbage Collection: done. 18 Objects accounted for.
23:42:World data saved   (datas/saves/sphereworld.scp).
23:42:Player data saved  (datas/saves/spherechars.scp).
23:42:Multi data saved   (datas/saves/spheremultis.scp).
23:42:Context data saved (datas/saves/spheredata.scp).
23:42:World save completed, took 0.5941 seconds.
23:47:Garbage Collection: started.
23:47:Garbage Collection: done. 18 Objects accounted for.
23:47:World data saved   (datas/saves/sphereworld.scp).
23:47:Player data saved  (datas/saves/spherechars.scp).
23:47:Multi data saved   (datas/saves/spheremultis.scp).
23:47:Context data saved (datas/saves/spheredata.scp).
23:47:World save completed, took 0.4701 seconds.
23:52:Garbage Collection: started.
23:52:Garbage Collection: done. 18 Objects accounted for.
23:52:World data saved   (datas/saves/sphereworld.scp).
23:52:Player data saved  (datas/saves/spherechars.scp).
23:52:Multi data saved   (datas/saves/spheremultis.scp).
23:52:Context data saved (datas/saves/spheredata.scp).
23:52:World save completed, took 0.2742 seconds.
23:57:Garbage Collection: started.
23:57:Garbage Collection: done. 18 Objects accounted for.
23:57:World data saved   (datas/saves/sphereworld.scp).
23:57:Player data saved  (datas/saves/spherechars.scp).
23:57:Multi data saved   (datas/saves/spheremultis.scp).
23:57:Context data saved (datas/saves/spheredata.scp).
23:57:World save completed, took 0.9729 seconds.
