18:36:SphereServer-eXperimental Version 0.56d-Nightly [WIN64] by www.spherecommunity.net.
18:36:Compiled at Nov 28 2018 (15:22:15) [build 2969 / GIT hash c04c099a84e2465f54f24035129ba2b6d11262f7]

18:36:WARNING:
-----------------------------------------------------------------
This is a nightly build of SphereServer. This build is to be used for testing and/or bug reporting ONLY.
DO NOT run this build on a live shard unless you know what you are doing!
Nightly builds are automatically made at every commit to the source code repository and might
contain errors, might be unstable or even destroy your shard as they are mostly untested!
-----------------------------------------------------------------

18:36:
Indexing the client files...
18:36:Expansion maps supported: Felucca (0), Trammel (1), Ilshenar (2), Malas (3), Tokuno Islands (4), Ter Mur (5)
18:36:Caching tiledata.mul...

18:36:Initializing the world...
18:36:Allocated map sectors: map0=7168 map1=7168 map2=900 map3=1280 map4=484 map5=1280

18:36:Indexing 202 script files...
18:36:Loading datas/scripts/sphere_admin.scp
18:36:Loading datas/scripts/sphere_backward_compatibility.scp
18:36:Loading datas/scripts/sphere_book.scp
18:36:Loading datas/scripts/sphere_defs.scp
18:36:Loading datas/scripts/sphere_dialog.scp
18:36:Loading datas/scripts/sphere_events_human.scp
18:36:Loading datas/scripts/sphere_events_npcs.scp
18:36:Loading datas/scripts/sphere_menu.scp
18:36:Loading datas/scripts/sphere_name.scp
18:36:Loading datas/scripts/sphere_serv_triggers.scp
18:36:Loading datas/scripts/sphere_skills.scp
18:36:Loading datas/scripts/sphere_skillmenu.scp
18:36:Loading datas/scripts/sphere_newb.scp
18:36:Loading datas/scripts/sphere_speech.scp
18:36:Loading datas/scripts/sphere_types.scp
18:36:Loading datas/scripts/items/sphere_item_wedding.scp
18:36:Loading datas/scripts/items/sphere_item_vice_virtue.scp
18:36:Loading datas/scripts/items/sphere_item_veteran_rewards.scp
18:36:Loading datas/scripts/items/sphere_item_vegetation.scp
18:36:Loading datas/scripts/items/sphere_item_unsorted.scp
18:36:Loading datas/scripts/items/sphere_item_typedef_equipitem.scp
18:36:Loading datas/scripts/items/sphere_item_typedefs.scp
18:36:Loading datas/scripts/items/sphere_item_theme_pack_shadow.scp
18:36:Loading datas/scripts/items/sphere_item_theme_pack_rustic.scp
18:36:Loading datas/scripts/items/sphere_item_theme_pack_kings_collection.scp
18:36:Loading datas/scripts/items/sphere_item_theme_pack_gothic.scp
18:36:Loading datas/scripts/items/sphere_item_theme_pack_crystal.scp
18:36:Loading datas/scripts/items/sphere_item_siege.scp
18:36:Loading datas/scripts/items/sphere_item_ship_parts_tokuno.scp
18:36:Loading datas/scripts/items/sphere_item_ship_parts_orcish.scp
18:36:Loading datas/scripts/items/sphere_item_ship_parts_gargish.scp
18:36:Loading datas/scripts/items/sphere_item_ship_parts_britannian.scp
18:36:Loading datas/scripts/items/sphere_item_ship_parts.scp
18:36:Loading datas/scripts/items/sphere_item_resources.scp
18:36:Loading datas/scripts/items/sphere_item_quests.scp
18:36:Loading datas/scripts/items/sphere_item_provisions_weapons.scp
18:36:Loading datas/scripts/items/sphere_item_provisions_shields.scp
18:36:Loading datas/scripts/items/sphere_item_provisions_potions.scp
18:36:Loading datas/scripts/items/sphere_item_provisions_ore.scp
18:36:Loading datas/scripts/items/sphere_item_provisions_misc.scp
18:36:Loading datas/scripts/items/sphere_item_provisions_logs.scp
18:36:Loading datas/scripts/items/sphere_item_provisions_jewelry.scp
18:36:Loading datas/scripts/items/sphere_item_provisions_deed.scp
18:36:Loading datas/scripts/items/sphere_item_provisions_clothing.scp
18:36:Loading datas/scripts/items/sphere_item_provisions_armor_color.scp
18:36:Loading datas/scripts/items/sphere_item_provisions_armor.scp
18:36:Loading datas/scripts/items/sphere_item_profession_tailor_tanner.scp
18:36:Loading datas/scripts/items/sphere_item_profession_cook_barkeep_baker.scp
18:36:Loading datas/scripts/items/sphere_item_profession_cartographer.scp
18:36:Loading datas/scripts/items/sphere_item_profession_barber.scp
18:36:Loading datas/scripts/items/sphere_item_profession_alchemist.scp
18:36:Loading datas/scripts/items/sphere_item_profession.scp
18:36:Loading datas/scripts/items/sphere_item_offset.scp
18:36:Loading datas/scripts/items/sphere_item_misc.scp
18:36:Loading datas/scripts/items/sphere_item_memories.scp
18:36:Loading datas/scripts/items/sphere_item_magic_weapon.scp
18:36:Loading datas/scripts/items/sphere_item_magic_wands.scp
18:36:Loading datas/scripts/items/sphere_item_magic_spellweaving.scp
18:36:Loading datas/scripts/items/sphere_item_magic_skillmasteries.scp
18:36:Loading datas/scripts/items/sphere_item_magic_ninjitsu_bushido.scp
18:36:Loading datas/scripts/items/sphere_item_magic_necromancer_aos.scp
18:36:Loading datas/scripts/items/sphere_item_magic_mysticism.scp
18:36:Loading datas/scripts/items/sphere_item_magic_magery.scp
18:36:Loading datas/scripts/items/sphere_item_magic_leather.scp
18:36:Loading datas/scripts/items/sphere_item_magic_chivalry.scp
18:36:Loading datas/scripts/items/sphere_item_magic_armor.scp
18:36:Loading datas/scripts/items/sphere_item_holiday_valentines.scp
18:36:Loading datas/scripts/items/sphere_item_holiday_other.scp
18:36:Loading datas/scripts/items/sphere_item_holiday_halloween.scp
18:36:Loading datas/scripts/items/sphere_item_holiday_easter.scp
18:36:Loading datas/scripts/items/sphere_item_holiday_christmas.scp
18:36:Loading datas/scripts/items/sphere_item_holiday_anniversary.scp
18:36:Loading datas/scripts/items/sphere_item_ground_tiles.scp
18:36:Loading datas/scripts/items/sphere_item_deco_wall_hangings.scp
18:36:Loading datas/scripts/items/sphere_item_deco_virtues.scp
18:36:Loading datas/scripts/items/sphere_item_deco_themed_collections.scp
18:36:Loading datas/scripts/items/sphere_item_deco_signs.scp
18:36:Loading datas/scripts/items/sphere_item_deco_miniatures.scp
18:36:Loading datas/scripts/items/sphere_item_deco_lightsources.scp
18:36:Loading datas/scripts/items/sphere_item_deco_furniture.scp
18:36:Loading datas/scripts/items/sphere_item_deco_fireplace_chimney_oven.scp
18:36:Loading datas/scripts/items/sphere_item_deco_dungeons_traps_dead.scp
18:36:Loading datas/scripts/items/sphere_item_deco_carvings_statues.scp
18:36:Loading datas/scripts/items/sphere_item_deco_carpet_rugs.scp
18:36:Loading datas/scripts/items/sphere_item_char_icons.scp
18:36:Loading datas/scripts/items/sphere_item_building_walls.scp
18:36:Loading datas/scripts/items/sphere_item_building_stairs.scp
18:36:Loading datas/scripts/items/sphere_item_building_roofs.scp
18:36:Loading datas/scripts/items/sphere_item_building_other.scp
18:36:Loading datas/scripts/items/sphere_item_building_floors.scp
18:36:Loading datas/scripts/items/sphere_item_building_doors.scp
18:36:Loading datas/scripts/items/sphere_item_buildings.scp
18:36:Loading datas/scripts/items/sphere_item_boulders_rocks.scp
18:36:Loading datas/scripts/items/sphere_item_artifacts_tokuno.scp
18:36:Loading datas/scripts/items/sphere_item_artifacts_minor.scp
18:36:Loading datas/scripts/items/sphere_item_artifacts.scp
18:36:Loading datas/scripts/items/sphere_item_animations.scp
18:36:Loading datas/scripts/items/multis/multis_wandering_camps.scp
18:36:Loading datas/scripts/items/multis/multis_stairs.scp
18:36:Loading datas/scripts/items/multis/multis_ships.scp
18:36:Loading datas/scripts/items/multis/multis_misc.scp
18:36:Loading datas/scripts/items/multis/multis_magincia_bazaar.scp
18:36:Loading datas/scripts/items/multis/multis_houses.scp
18:36:Loading datas/scripts/items/multis/multis_foundations.scp
18:36:Loading datas/scripts/templates/sphere_template.scp
18:36:Loading datas/scripts/templates/sphere_template_armor.scp
18:36:Loading datas/scripts/templates/sphere_template_loot.scp
18:36:Loading datas/scripts/templates/sphere_template_magic.scp
18:36:Loading datas/scripts/templates/sphere_template_misc.scp
18:36:Loading datas/scripts/templates/sphere_template_vend.scp
18:36:Loading datas/scripts/templates/sphere_template_weapons.scp
18:36:Loading datas/scripts/stones/sphere_genericstone_types.scp
18:36:Loading datas/scripts/stones/sphere_genericstone_items.scp
18:36:Loading datas/scripts/stones/sphere_genericstone_functions.scp
18:36:Loading datas/scripts/stones/sphere_genericstone_config.scp
18:36:Loading datas/scripts/stones/guilds/sphere_guild_types.scp
18:36:Loading datas/scripts/stones/guilds/sphere_guild_speech.scp
18:36:Loading datas/scripts/stones/guilds/sphere_guild_promptconsole.scp
18:36:Loading datas/scripts/stones/guilds/sphere_guild_items.scp
18:36:Loading datas/scripts/stones/guilds/sphere_guild_functions_player.scp
18:36:Loading datas/scripts/stones/guilds/sphere_guild_functions.scp
18:36:Loading datas/scripts/stones/guilds/sphere_guild_events.scp
18:36:Loading datas/scripts/stones/guilds/sphere_guild_dlg_warfarestatus.scp
18:36:Loading datas/scripts/stones/guilds/sphere_guild_dlg_warfaredeclare.scp
18:36:Loading datas/scripts/stones/guilds/sphere_guild_dlg_warfareadmin.scp
18:36:Loading datas/scripts/stones/guilds/sphere_guild_dlg_master.scp
18:36:Loading datas/scripts/stones/guilds/sphere_guild_dlg_main.scp
18:36:Loading datas/scripts/stones/guilds/sphere_guild_dlg_guildlist.scp
18:36:Loading datas/scripts/stones/guilds/sphere_guild_dlg_charter.scp
18:36:Loading datas/scripts/stones/guilds/sphere_guild_dlg_charlist.scp
18:36:Loading datas/scripts/stones/guilds/sphere_guild_dlg_align.scp
18:36:Loading datas/scripts/stones/guilds/sphere_guild_config.scp
18:36:Loading datas/scripts/stones/towns/sphere_town_types.scp
18:36:Loading datas/scripts/stones/towns/sphere_town_speech.scp
18:36:Loading datas/scripts/stones/towns/sphere_town_promptconsole.scp
18:36:Loading datas/scripts/stones/towns/sphere_town_items.scp
18:36:Loading datas/scripts/stones/towns/sphere_town_functions_player.scp
18:36:Loading datas/scripts/stones/towns/sphere_town_functions.scp
18:36:Loading datas/scripts/stones/towns/sphere_town_events.scp
18:36:Loading datas/scripts/stones/towns/sphere_town_dlg_warfarestatus.scp
18:36:Loading datas/scripts/stones/towns/sphere_town_dlg_warfaredeclare.scp
18:36:Loading datas/scripts/stones/towns/sphere_town_dlg_warfareadmin.scp
18:36:Loading datas/scripts/stones/towns/sphere_town_dlg_townlist.scp
18:36:Loading datas/scripts/stones/towns/sphere_town_dlg_master.scp
18:36:Loading datas/scripts/stones/towns/sphere_town_dlg_main.scp
18:36:Loading datas/scripts/stones/towns/sphere_town_dlg_charter.scp
18:36:Loading datas/scripts/stones/towns/sphere_town_dlg_charlist.scp
18:36:Loading datas/scripts/stones/towns/sphere_town_dlg_align.scp
18:36:Loading datas/scripts/stones/towns/sphere_town_config.scp
18:36:Loading datas/scripts/npcs/spherechar_grave.scp
18:36:Loading datas/scripts/npcs/sphere_vendors.scp
18:36:Loading datas/scripts/npcs/sphere_monsters_custom.scp
18:36:Loading datas/scripts/npcs/sphere_monsters.scp
18:36:Loading datas/scripts/npcs/sphere_guildmasters.scp
18:36:Loading datas/scripts/npcs/sphere_citizens.scp
18:36:Loading datas/scripts/npcs/spherechar_human.scp
18:36:Loading datas/scripts/npcs/spherechar_evil.scp
18:36:Loading datas/scripts/speech/spk_ship_cmds.scp
18:36:Loading datas/scripts/speech/spk_house_cmds.scp
18:36:Loading datas/scripts/speech/speakshopkeep.scp
18:36:Loading datas/scripts/speech/speakhuman.scp
18:36:Loading datas/scripts/systems/sphere_system_weapon_bonus.scp
18:36:Loading datas/scripts/systems/sphere_system_treasure_maps.scp
18:36:Loading datas/scripts/systems/sphere_system_spawn.scp
18:36:Loading datas/scripts/systems/sphere_system_secret_chest.scp
18:36:Loading datas/scripts/systems/sphere_system_aquarium.scp
18:36:Loading datas/scripts/sphere_spawns.scp
18:36:Loading datas/scripts/sphere_spells.scp
18:36:Loading datas/scripts/functions/sphere_function_misc.scp
18:36:Loading datas/scripts/functions/sphere_function_dialog.scp
18:36:Loading datas/scripts/sphere_region.scp
18:36:Loading datas/scripts/maps/sphere_map0.scp
18:36:Loading datas/scripts/maps/sphere_map0_ml.scp
18:36:Loading datas/scripts/maps/sphere_map0_sa.scp
18:36:Loading datas/scripts/maps/sphere_map0_hs.scp
18:36:Loading datas/scripts/maps/sphere_map1.scp
18:36:Loading datas/scripts/maps/sphere_map2.scp
18:36:Loading datas/scripts/maps/sphere_map2_ml.scp
18:36:Loading datas/scripts/maps/sphere_map3.scp
18:36:Loading datas/scripts/maps/sphere_map3_se.scp
18:36:Loading datas/scripts/maps/sphere_map3_ml.scp
18:36:Loading datas/scripts/maps/sphere_map4.scp
18:36:Loading datas/scripts/maps/sphere_map5.scp
18:36:Loading datas/scripts/maps/sphere_map5_tol.scp
18:36:Loading datas/scripts/maps/sphere_map_points0.scp
18:36:Loading datas/scripts/maps/sphere_map_points0_ml.scp
18:36:Loading datas/scripts/maps/sphere_map_points0_hs.scp
18:36:Loading datas/scripts/maps/sphere_map_points0_tol.scp
18:36:Loading datas/scripts/maps/sphere_map_points1.scp
18:36:Loading datas/scripts/maps/sphere_map_points2.scp
18:36:Loading datas/scripts/maps/sphere_map_points2_ml.scp
18:36:Loading datas/scripts/maps/sphere_map_points3.scp
18:36:Loading datas/scripts/maps/sphere_map_points3_se.scp
18:36:Loading datas/scripts/maps/sphere_map_points3_ml.scp
18:36:Loading datas/scripts/maps/sphere_map_points4.scp
18:36:Loading datas/scripts/maps/sphere_map_points5.scp
18:36:Loading datas/scripts/maps/sphere_map_points5_tol.scp
18:36:Loading datas/scripts/test.scp
18:36:Loading datas/scripts/sphere_msgs.scp
18:36:Loading datas/scripts/sphere_combat.scp
18:36:Loading datas/scripts/sphere_add_sqlite.scp
18:36:Loading datas/scripts/bin.scp
18:36:Done loading scripts (55 of 206 triggers used).
18:36:
18:36:Loaded 246 client encryption keys.
18:36:sphere.pid already exists. Secondary launch or unclean shutdown?
18:36:Server started on hostname 'DESKTOP-GIBNJ24'
18:36:Monitoring IP 192.168.0.3:2593
18:36:Loading datas/saves/spheredata.scp...
18:36:Loading datas/saves/spherestatics.scp...
18:36:Loading datas/saves/sphereworld.scp...
18:36:Loading datas/saves/spherechars.scp...
18:36:ERROR:(spherechars.scp,19)Undefined keyword 'SPEECHCOLOR'
18:36:Loading datas/saves/spheremultis.scp...
18:36:Garbage Collection: started.
18:36:Garbage Collection: done. 17 Objects accounted for.
18:36:Option flags: NoDClickTarget + ScaleDamageByDurability + CommandSysmessages + OSIMultiSight + FileCommands + NoHouseMuteSpeech + FloodProtection + Buffs + NoPrefix + DyeType + DrinkIsFood
18:36:Experimental flags: ItemStacking + TelnetPacketFilter + ScriptProfiler + DamageTools
18:36:Admin=hamitdevecioglu@gmail.com, URL=www.uo-developer.com, Lang=Turkish, TZ=0
18:36:Startup complete. items=16, chars=1
18:36:Press '?' for console commands.
18:36:0:Client connected [Total:1]. IP='127.0.0.1'. (Connecting/Connected: 1/1).
18:36:0:Login for account 'xwerswoodx'. IP='127.0.0.1'. ConnectionType: ServerList.
18:36:0:Client disconnected [Total:0]. Account: 'xwerswoodx'. IP='127.0.0.1'.
18:36:1:Client connected [Total:1]. IP='127.0.0.1'. (Connecting/Connected: 1/2).
18:36:1:Login for account 'xwerswoodx'. IP='127.0.0.1'. ConnectionType: CharList/Game.
18:36:1:Character startup for account 'xwerswoodx', char 'Hamit'. IP='127.0.0.1'.
18:36:1:'xwerswoodx' commands 'stunPlayer 1'=1
18:37:1:'xwerswoodx' commands 'stunPlayer 2'=1
18:37:1:'xwerswoodx' commands 'stunPlayer 2'=1
18:37:1:'xwerswoodx' commands 'stunPlayer 3'=1
18:37:1:'xwerswoodx' commands 'stunPlayer 4'=1
18:37:1:'xwerswoodx' commands 'stunPlayer 5'=1
18:37:1:'xwerswoodx' commands 'show servtime'=1
18:37:1:'xwerswoodx' commands 'show serv.time'=1
18:37:1:'xwerswoodx' commands 'show serv.time'=1
18:37:1:'xwerswoodx' commands 'show serv.time'=1
18:37:1:'xwerswoodx' commands 'show serv.time'=1
18:37:1:'xwerswoodx' commands 'show serv.time'=1
18:37:1:'xwerswoodx' commands 'show serv.time'=1
18:37:1:'xwerswoodx' commands 'show serv.time'=1
18:38:Server is being PAUSED for Resync
18:38:Resync Restart
18:38:
Indexing the client files...
18:38:Expansion maps supported: Felucca (0), Trammel (1), Ilshenar (2), Malas (3), Tokuno Islands (4), Ter Mur (5)
18:38:Caching tiledata.mul...

18:38:Indexing 202 script files...
18:38:WARNING:Resource 'datas/scripts/systems/sphere_system_weapon_bonus.scp' changed, resync.
18:38:Done loading scripts.
18:38:
18:38:Resync complete!
18:38:1:'xwerswoodx' commands 'show serv.time'=1
18:38:1:'xwerswoodx' commands 'stunPlayer 1'=1
18:38:1:'xwerswoodx' commands 'stunPlayer 1'=1
18:38:1:'xwerswoodx' commands 'stunPlayer 1'=1
18:38:1:'xwerswoodx' commands 'stunPlayer 2'=1
18:38:1:'xwerswoodx' commands 'stunPlayer 3'=1
18:39:1:'xwerswoodx' commands 'sayua a'=1
18:39:1:'xwerswoodx' commands 'sayua 1,1,1,a'=1
18:39:1:'xwerswoodx' commands 'sayua 1,1,1,asdasdasd'=1
18:40:ERROR:Undefined symbol 'tr' ['tr']
18:40:1:'xwerswoodx' commands 'sayua 0,tr,7,tr,asd'=1
18:40:1:'xwerswoodx' commands 'sayua 0481 a'=1
18:40:1:'xwerswoodx' commands 'sayua 0481,1,1,1,1,1,1,1'=1
18:41:1:'xwerswoodx' commands 'sayua 0481,1,1,1,1,1,1,1 asd'=1
18:41:1:'xwerswoodx' commands 'sayua 0481,1,1,1, a'=1
18:41:1:'xwerswoodx' commands 'sayua 0481,1,1,1 asd'=1
18:41:1:'xwerswoodx' commands 'sayua 68,6,6,1 * Etkilenmez *'=1
18:41:1:'xwerswoodx' commands 'sayua 68,6,6,1 * ş *'=1
18:41:Garbage Collection: started.
18:41:Garbage Collection: done. 17 Objects accounted for.
18:41:World data saved   (datas/saves/sphereworld.scp).
18:41:Player data saved  (datas/saves/spherechars.scp).
18:41:Multi data saved   (datas/saves/spheremultis.scp).
18:41:Context data saved (datas/saves/spheredata.scp).
18:41:World save completed, took 0.1769 seconds.
18:44:Server is being PAUSED for Resync
18:44:Resync Restart
18:44:
Indexing the client files...
18:44:Expansion maps supported: Felucca (0), Trammel (1), Ilshenar (2), Malas (3), Tokuno Islands (4), Ter Mur (5)
18:44:Caching tiledata.mul...

18:44:Indexing 202 script files...
18:44:WARNING:Resource 'datas/scripts/systems/sphere_system_weapon_bonus.scp' changed, resync.
18:44:Done loading scripts.
18:44:
18:44:Resync complete!
18:44:1:'xwerswoodx' commands 'emotetr a'=1
18:44:1:'Hamit' Says UNICODE 'ENG' 'asd' mode=0
18:44:Server is being PAUSED for Resync
18:44:Resync Restart
18:44:
Indexing the client files...
18:44:Expansion maps supported: Felucca (0), Trammel (1), Ilshenar (2), Malas (3), Tokuno Islands (4), Ter Mur (5)
18:44:Caching tiledata.mul...

18:44:Indexing 202 script files...
18:44:WARNING:Resource 'datas/scripts/systems/sphere_system_weapon_bonus.scp' changed, resync.
18:44:Done loading scripts.
18:44:
18:44:Resync complete!
18:44:1:'xwerswoodx' commands 'emotetr a'=1
18:44:Server is being PAUSED for Resync
18:44:Resync Restart
18:44:
Indexing the client files...
18:44:Expansion maps supported: Felucca (0), Trammel (1), Ilshenar (2), Malas (3), Tokuno Islands (4), Ter Mur (5)
18:44:Caching tiledata.mul...

18:44:Indexing 202 script files...
18:44:WARNING:Resource 'datas/scripts/systems/sphere_system_weapon_bonus.scp' changed, resync.
18:44:Done loading scripts.
18:44:
18:44:Resync complete!
18:44:1:'xwerswoodx' commands 'emotetr a'=1
18:45:Server is being PAUSED for Resync
18:45:Resync Restart
18:45:
Indexing the client files...
18:45:Expansion maps supported: Felucca (0), Trammel (1), Ilshenar (2), Malas (3), Tokuno Islands (4), Ter Mur (5)
18:45:Caching tiledata.mul...

18:45:Indexing 202 script files...
18:45:WARNING:Resource 'datas/scripts/systems/sphere_system_weapon_bonus.scp' changed, resync.
18:45:Done loading scripts.
18:45:
18:45:Resync complete!
18:45:1:'xwerswoodx' commands 'emotetr a'=1
18:45:1:'xwerswoodx' commands 'emotetr * asdad *'=1
18:46:1:'xwerswoodx' commands 'emotetr @0481 asd'=1
18:46:Garbage Collection: started.
18:46:Garbage Collection: done. 17 Objects accounted for.
18:46:World data saved   (datas/saves/sphereworld.scp).
18:46:Player data saved  (datas/saves/spherechars.scp).
18:46:Multi data saved   (datas/saves/spheremultis.scp).
18:46:Context data saved (datas/saves/spheredata.scp).
18:46:World save completed, took 0.1782 seconds.
18:46:Server is being PAUSED for Resync
18:46:Resync Restart
18:46:
Indexing the client files...
18:46:Expansion maps supported: Felucca (0), Trammel (1), Ilshenar (2), Malas (3), Tokuno Islands (4), Ter Mur (5)
18:46:Caching tiledata.mul...

18:46:Indexing 202 script files...
18:46:WARNING:Resource 'datas/scripts/systems/sphere_system_weapon_bonus.scp' changed, resync.
18:46:Done loading scripts.
18:46:
18:46:Resync complete!
18:46:1:'xwerswoodx' commands 'emotetr * asdad *'=1
18:46:1:'xwerswoodx' commands 'emotetr @0481 asd'=1
18:47:Server is being PAUSED for Resync
18:47:Resync Restart
18:47:
Indexing the client files...
18:47:Expansion maps supported: Felucca (0), Trammel (1), Ilshenar (2), Malas (3), Tokuno Islands (4), Ter Mur (5)
18:47:Caching tiledata.mul...

18:47:Indexing 202 script files...
18:47:WARNING:Resource 'datas/scripts/systems/sphere_system_weapon_bonus.scp' changed, resync.
18:47:Done loading scripts.
18:47:
18:47:Resync complete!
18:47:1:'xwerswoodx' commands 'emotetr @0481 asd'=1
18:47:1:'xwerswoodx' commands 'emotetr @68 asd'=1
18:51:Garbage Collection: started.
18:51:Garbage Collection: done. 17 Objects accounted for.
18:51:World data saved   (datas/saves/sphereworld.scp).
18:51:Player data saved  (datas/saves/spherechars.scp).
18:51:Multi data saved   (datas/saves/spheremultis.scp).
18:51:Context data saved (datas/saves/spheredata.scp).
18:51:World save completed, took 0.8646 seconds.
18:56:Garbage Collection: started.
18:56:Garbage Collection: done. 17 Objects accounted for.
18:56:World data saved   (datas/saves/sphereworld.scp).
18:56:Player data saved  (datas/saves/spherechars.scp).
18:56:Multi data saved   (datas/saves/spheremultis.scp).
18:56:Context data saved (datas/saves/spheredata.scp).
18:56:World save completed, took 0.0559 seconds.
19:01:Garbage Collection: started.
19:01:Garbage Collection: done. 17 Objects accounted for.
19:01:World data saved   (datas/saves/sphereworld.scp).
19:01:Player data saved  (datas/saves/spherechars.scp).
19:01:Multi data saved   (datas/saves/spheremultis.scp).
19:01:Context data saved (datas/saves/spheredata.scp).
19:01:World save completed, took 0.4144 seconds.
19:06:Garbage Collection: started.
19:06:Garbage Collection: done. 17 Objects accounted for.
19:06:World data saved   (datas/saves/sphereworld.scp).
19:06:Player data saved  (datas/saves/spherechars.scp).
19:06:Multi data saved   (datas/saves/spheremultis.scp).
19:06:Context data saved (datas/saves/spheredata.scp).
19:06:World save completed, took 0.6556 seconds.
19:10:FATAL:Server terminated: Console window closed (code 5)
20:24:SphereServer-eXperimental Version 0.56d-Nightly [WIN64] by www.spherecommunity.net.
20:24:Compiled at Nov 28 2018 (15:22:15) [build 2969 / GIT hash c04c099a84e2465f54f24035129ba2b6d11262f7]

20:24:WARNING:
-----------------------------------------------------------------
This is a nightly build of SphereServer. This build is to be used for testing and/or bug reporting ONLY.
DO NOT run this build on a live shard unless you know what you are doing!
Nightly builds are automatically made at every commit to the source code repository and might
contain errors, might be unstable or even destroy your shard as they are mostly untested!
-----------------------------------------------------------------

20:24:
Indexing the client files...
20:24:Expansion maps supported: Felucca (0), Trammel (1), Ilshenar (2), Malas (3), Tokuno Islands (4), Ter Mur (5)
20:24:Caching tiledata.mul...

20:24:Initializing the world...
20:24:Allocated map sectors: map0=7168 map1=7168 map2=900 map3=1280 map4=484 map5=1280

20:24:Indexing 202 script files...
20:24:Loading datas/scripts/sphere_admin.scp
20:24:Loading datas/scripts/sphere_backward_compatibility.scp
20:24:Loading datas/scripts/sphere_book.scp
20:24:Loading datas/scripts/sphere_defs.scp
20:24:Loading datas/scripts/sphere_dialog.scp
20:24:Loading datas/scripts/sphere_events_human.scp
20:24:Loading datas/scripts/sphere_events_npcs.scp
20:24:Loading datas/scripts/sphere_menu.scp
20:24:Loading datas/scripts/sphere_name.scp
20:24:Loading datas/scripts/sphere_serv_triggers.scp
20:24:Loading datas/scripts/sphere_skills.scp
20:24:Loading datas/scripts/sphere_skillmenu.scp
20:24:Loading datas/scripts/sphere_newb.scp
20:24:Loading datas/scripts/sphere_speech.scp
20:24:Loading datas/scripts/sphere_types.scp
20:24:Loading datas/scripts/items/sphere_item_wedding.scp
20:24:Loading datas/scripts/items/sphere_item_vice_virtue.scp
20:24:Loading datas/scripts/items/sphere_item_veteran_rewards.scp
20:24:Loading datas/scripts/items/sphere_item_vegetation.scp
20:24:Loading datas/scripts/items/sphere_item_unsorted.scp
20:24:Loading datas/scripts/items/sphere_item_typedef_equipitem.scp
20:24:Loading datas/scripts/items/sphere_item_typedefs.scp
20:24:Loading datas/scripts/items/sphere_item_theme_pack_shadow.scp
20:24:Loading datas/scripts/items/sphere_item_theme_pack_rustic.scp
20:24:Loading datas/scripts/items/sphere_item_theme_pack_kings_collection.scp
20:24:Loading datas/scripts/items/sphere_item_theme_pack_gothic.scp
20:24:Loading datas/scripts/items/sphere_item_theme_pack_crystal.scp
20:24:Loading datas/scripts/items/sphere_item_siege.scp
20:24:Loading datas/scripts/items/sphere_item_ship_parts_tokuno.scp
20:24:Loading datas/scripts/items/sphere_item_ship_parts_orcish.scp
20:24:Loading datas/scripts/items/sphere_item_ship_parts_gargish.scp
20:24:Loading datas/scripts/items/sphere_item_ship_parts_britannian.scp
20:24:Loading datas/scripts/items/sphere_item_ship_parts.scp
20:24:Loading datas/scripts/items/sphere_item_resources.scp
20:24:Loading datas/scripts/items/sphere_item_quests.scp
20:24:Loading datas/scripts/items/sphere_item_provisions_weapons.scp
20:24:Loading datas/scripts/items/sphere_item_provisions_shields.scp
20:24:Loading datas/scripts/items/sphere_item_provisions_potions.scp
20:24:Loading datas/scripts/items/sphere_item_provisions_ore.scp
20:24:Loading datas/scripts/items/sphere_item_provisions_misc.scp
20:24:Loading datas/scripts/items/sphere_item_provisions_logs.scp
20:24:Loading datas/scripts/items/sphere_item_provisions_jewelry.scp
20:24:Loading datas/scripts/items/sphere_item_provisions_deed.scp
20:24:Loading datas/scripts/items/sphere_item_provisions_clothing.scp
20:24:Loading datas/scripts/items/sphere_item_provisions_armor_color.scp
20:24:Loading datas/scripts/items/sphere_item_provisions_armor.scp
20:24:Loading datas/scripts/items/sphere_item_profession_tailor_tanner.scp
20:24:Loading datas/scripts/items/sphere_item_profession_cook_barkeep_baker.scp
20:24:Loading datas/scripts/items/sphere_item_profession_cartographer.scp
20:24:Loading datas/scripts/items/sphere_item_profession_barber.scp
20:24:Loading datas/scripts/items/sphere_item_profession_alchemist.scp
20:24:Loading datas/scripts/items/sphere_item_profession.scp
20:24:Loading datas/scripts/items/sphere_item_offset.scp
20:24:Loading datas/scripts/items/sphere_item_misc.scp
20:24:Loading datas/scripts/items/sphere_item_memories.scp
20:24:Loading datas/scripts/items/sphere_item_magic_weapon.scp
20:24:Loading datas/scripts/items/sphere_item_magic_wands.scp
20:24:Loading datas/scripts/items/sphere_item_magic_spellweaving.scp
20:24:Loading datas/scripts/items/sphere_item_magic_skillmasteries.scp
20:24:Loading datas/scripts/items/sphere_item_magic_ninjitsu_bushido.scp
20:24:Loading datas/scripts/items/sphere_item_magic_necromancer_aos.scp
20:24:Loading datas/scripts/items/sphere_item_magic_mysticism.scp
20:24:Loading datas/scripts/items/sphere_item_magic_magery.scp
20:24:Loading datas/scripts/items/sphere_item_magic_leather.scp
20:24:Loading datas/scripts/items/sphere_item_magic_chivalry.scp
20:24:Loading datas/scripts/items/sphere_item_magic_armor.scp
20:24:Loading datas/scripts/items/sphere_item_holiday_valentines.scp
20:24:Loading datas/scripts/items/sphere_item_holiday_other.scp
20:24:Loading datas/scripts/items/sphere_item_holiday_halloween.scp
20:24:Loading datas/scripts/items/sphere_item_holiday_easter.scp
20:24:Loading datas/scripts/items/sphere_item_holiday_christmas.scp
20:24:Loading datas/scripts/items/sphere_item_holiday_anniversary.scp
20:24:Loading datas/scripts/items/sphere_item_ground_tiles.scp
20:24:Loading datas/scripts/items/sphere_item_deco_wall_hangings.scp
20:24:Loading datas/scripts/items/sphere_item_deco_virtues.scp
20:24:Loading datas/scripts/items/sphere_item_deco_themed_collections.scp
20:24:Loading datas/scripts/items/sphere_item_deco_signs.scp
20:24:Loading datas/scripts/items/sphere_item_deco_miniatures.scp
20:24:Loading datas/scripts/items/sphere_item_deco_lightsources.scp
20:24:Loading datas/scripts/items/sphere_item_deco_furniture.scp
20:24:Loading datas/scripts/items/sphere_item_deco_fireplace_chimney_oven.scp
20:24:Loading datas/scripts/items/sphere_item_deco_dungeons_traps_dead.scp
20:24:Loading datas/scripts/items/sphere_item_deco_carvings_statues.scp
20:24:Loading datas/scripts/items/sphere_item_deco_carpet_rugs.scp
20:24:Loading datas/scripts/items/sphere_item_char_icons.scp
20:24:Loading datas/scripts/items/sphere_item_building_walls.scp
20:24:Loading datas/scripts/items/sphere_item_building_stairs.scp
20:24:Loading datas/scripts/items/sphere_item_building_roofs.scp
20:24:Loading datas/scripts/items/sphere_item_building_other.scp
20:24:Loading datas/scripts/items/sphere_item_building_floors.scp
20:24:Loading datas/scripts/items/sphere_item_building_doors.scp
20:24:Loading datas/scripts/items/sphere_item_buildings.scp
20:24:Loading datas/scripts/items/sphere_item_boulders_rocks.scp
20:24:Loading datas/scripts/items/sphere_item_artifacts_tokuno.scp
20:24:Loading datas/scripts/items/sphere_item_artifacts_minor.scp
20:24:Loading datas/scripts/items/sphere_item_artifacts.scp
20:24:Loading datas/scripts/items/sphere_item_animations.scp
20:24:Loading datas/scripts/items/multis/multis_wandering_camps.scp
20:24:Loading datas/scripts/items/multis/multis_stairs.scp
20:24:Loading datas/scripts/items/multis/multis_ships.scp
20:24:Loading datas/scripts/items/multis/multis_misc.scp
20:24:Loading datas/scripts/items/multis/multis_magincia_bazaar.scp
20:24:Loading datas/scripts/items/multis/multis_houses.scp
20:24:Loading datas/scripts/items/multis/multis_foundations.scp
20:24:Loading datas/scripts/templates/sphere_template.scp
20:24:Loading datas/scripts/templates/sphere_template_armor.scp
20:24:Loading datas/scripts/templates/sphere_template_loot.scp
20:24:Loading datas/scripts/templates/sphere_template_magic.scp
20:24:Loading datas/scripts/templates/sphere_template_misc.scp
20:24:Loading datas/scripts/templates/sphere_template_vend.scp
20:24:Loading datas/scripts/templates/sphere_template_weapons.scp
20:24:Loading datas/scripts/stones/sphere_genericstone_types.scp
20:24:Loading datas/scripts/stones/sphere_genericstone_items.scp
20:24:Loading datas/scripts/stones/sphere_genericstone_functions.scp
20:24:Loading datas/scripts/stones/sphere_genericstone_config.scp
20:24:Loading datas/scripts/stones/guilds/sphere_guild_types.scp
20:24:Loading datas/scripts/stones/guilds/sphere_guild_speech.scp
20:24:Loading datas/scripts/stones/guilds/sphere_guild_promptconsole.scp
20:24:Loading datas/scripts/stones/guilds/sphere_guild_items.scp
20:24:Loading datas/scripts/stones/guilds/sphere_guild_functions_player.scp
20:24:Loading datas/scripts/stones/guilds/sphere_guild_functions.scp
20:24:Loading datas/scripts/stones/guilds/sphere_guild_events.scp
20:24:Loading datas/scripts/stones/guilds/sphere_guild_dlg_warfarestatus.scp
20:24:Loading datas/scripts/stones/guilds/sphere_guild_dlg_warfaredeclare.scp
20:24:Loading datas/scripts/stones/guilds/sphere_guild_dlg_warfareadmin.scp
20:24:Loading datas/scripts/stones/guilds/sphere_guild_dlg_master.scp
20:24:Loading datas/scripts/stones/guilds/sphere_guild_dlg_main.scp
20:24:Loading datas/scripts/stones/guilds/sphere_guild_dlg_guildlist.scp
20:24:Loading datas/scripts/stones/guilds/sphere_guild_dlg_charter.scp
20:24:Loading datas/scripts/stones/guilds/sphere_guild_dlg_charlist.scp
20:24:Loading datas/scripts/stones/guilds/sphere_guild_dlg_align.scp
20:24:Loading datas/scripts/stones/guilds/sphere_guild_config.scp
20:24:Loading datas/scripts/stones/towns/sphere_town_types.scp
20:24:Loading datas/scripts/stones/towns/sphere_town_speech.scp
20:24:Loading datas/scripts/stones/towns/sphere_town_promptconsole.scp
20:24:Loading datas/scripts/stones/towns/sphere_town_items.scp
20:24:Loading datas/scripts/stones/towns/sphere_town_functions_player.scp
20:24:Loading datas/scripts/stones/towns/sphere_town_functions.scp
20:24:Loading datas/scripts/stones/towns/sphere_town_events.scp
20:24:Loading datas/scripts/stones/towns/sphere_town_dlg_warfarestatus.scp
20:24:Loading datas/scripts/stones/towns/sphere_town_dlg_warfaredeclare.scp
20:24:Loading datas/scripts/stones/towns/sphere_town_dlg_warfareadmin.scp
20:24:Loading datas/scripts/stones/towns/sphere_town_dlg_townlist.scp
20:24:Loading datas/scripts/stones/towns/sphere_town_dlg_master.scp
20:24:Loading datas/scripts/stones/towns/sphere_town_dlg_main.scp
20:24:Loading datas/scripts/stones/towns/sphere_town_dlg_charter.scp
20:24:Loading datas/scripts/stones/towns/sphere_town_dlg_charlist.scp
20:24:Loading datas/scripts/stones/towns/sphere_town_dlg_align.scp
20:24:Loading datas/scripts/stones/towns/sphere_town_config.scp
20:24:Loading datas/scripts/npcs/spherechar_grave.scp
20:24:Loading datas/scripts/npcs/sphere_vendors.scp
20:24:Loading datas/scripts/npcs/sphere_monsters_custom.scp
20:24:Loading datas/scripts/npcs/sphere_monsters.scp
20:24:Loading datas/scripts/npcs/sphere_guildmasters.scp
20:24:Loading datas/scripts/npcs/sphere_citizens.scp
20:24:Loading datas/scripts/npcs/spherechar_human.scp
20:24:Loading datas/scripts/npcs/spherechar_evil.scp
20:24:Loading datas/scripts/speech/spk_ship_cmds.scp
20:24:Loading datas/scripts/speech/spk_house_cmds.scp
20:24:Loading datas/scripts/speech/speakshopkeep.scp
20:24:Loading datas/scripts/speech/speakhuman.scp
20:24:Loading datas/scripts/systems/sphere_system_weapon_bonus.scp
20:24:Loading datas/scripts/systems/sphere_system_treasure_maps.scp
20:24:Loading datas/scripts/systems/sphere_system_spawn.scp
20:24:Loading datas/scripts/systems/sphere_system_secret_chest.scp
20:24:Loading datas/scripts/systems/sphere_system_aquarium.scp
20:24:Loading datas/scripts/sphere_spawns.scp
20:24:Loading datas/scripts/sphere_spells.scp
20:24:Loading datas/scripts/functions/sphere_function_misc.scp
20:24:Loading datas/scripts/functions/sphere_function_dialog.scp
20:24:Loading datas/scripts/sphere_region.scp
20:24:Loading datas/scripts/maps/sphere_map0.scp
20:24:Loading datas/scripts/maps/sphere_map0_ml.scp
20:24:Loading datas/scripts/maps/sphere_map0_sa.scp
20:24:Loading datas/scripts/maps/sphere_map0_hs.scp
20:24:Loading datas/scripts/maps/sphere_map1.scp
20:24:Loading datas/scripts/maps/sphere_map2.scp
20:24:Loading datas/scripts/maps/sphere_map2_ml.scp
20:24:Loading datas/scripts/maps/sphere_map3.scp
20:24:Loading datas/scripts/maps/sphere_map3_se.scp
20:24:Loading datas/scripts/maps/sphere_map3_ml.scp
20:24:Loading datas/scripts/maps/sphere_map4.scp
20:24:Loading datas/scripts/maps/sphere_map5.scp
20:24:Loading datas/scripts/maps/sphere_map5_tol.scp
20:24:Loading datas/scripts/maps/sphere_map_points0.scp
20:24:Loading datas/scripts/maps/sphere_map_points0_ml.scp
20:24:Loading datas/scripts/maps/sphere_map_points0_hs.scp
20:24:Loading datas/scripts/maps/sphere_map_points0_tol.scp
20:24:Loading datas/scripts/maps/sphere_map_points1.scp
20:24:Loading datas/scripts/maps/sphere_map_points2.scp
20:24:Loading datas/scripts/maps/sphere_map_points2_ml.scp
20:24:Loading datas/scripts/maps/sphere_map_points3.scp
20:24:Loading datas/scripts/maps/sphere_map_points3_se.scp
20:24:Loading datas/scripts/maps/sphere_map_points3_ml.scp
20:24:Loading datas/scripts/maps/sphere_map_points4.scp
20:24:Loading datas/scripts/maps/sphere_map_points5.scp
20:24:Loading datas/scripts/maps/sphere_map_points5_tol.scp
20:24:Loading datas/scripts/test.scp
20:24:Loading datas/scripts/sphere_msgs.scp
20:24:Loading datas/scripts/sphere_combat.scp
20:24:Loading datas/scripts/sphere_add_sqlite.scp
20:24:Loading datas/scripts/bin.scp
20:24:Done loading scripts (55 of 206 triggers used).
20:24:
20:24:Loaded 246 client encryption keys.
20:24:Server started on hostname 'DESKTOP-GIBNJ24'
20:24:Monitoring IP 192.168.0.3:2593
20:24:Loading datas/saves/spheredata.scp...
20:24:Loading datas/saves/spherestatics.scp...
20:24:Loading datas/saves/sphereworld.scp...
20:24:Loading datas/saves/spherechars.scp...
20:24:ERROR:(spherechars.scp,20)Undefined keyword 'SPEECHCOLOR'
20:24:Loading datas/saves/spheremultis.scp...
20:24:Garbage Collection: started.
20:24:Garbage Collection: done. 17 Objects accounted for.
20:24:Option flags: NoDClickTarget + ScaleDamageByDurability + CommandSysmessages + OSIMultiSight + FileCommands + NoHouseMuteSpeech + FloodProtection + Buffs + NoPrefix + DyeType + DrinkIsFood
20:24:Experimental flags: ItemStacking + TelnetPacketFilter + ScriptProfiler + DamageTools
20:24:Admin=hamitdevecioglu@gmail.com, URL=www.uo-developer.com, Lang=Turkish, TZ=0
20:24:Startup complete. items=16, chars=1
20:24:Press '?' for console commands.
20:24:0:Client connected [Total:1]. IP='127.0.0.1'. (Connecting/Connected: 1/1).
20:24:0:Unknown/invalid ping data '0x3' from 127.0.0.1 (Len: 1)
20:24:0:Client disconnected [Total:0]. Account: 'NA'. IP='127.0.0.1'.
20:24:1:Client connected [Total:1]. IP='127.0.0.1'. (Connecting/Connected: 1/1).
20:24:1:Login for account 'xwerswoodx'. IP='127.0.0.1'. ConnectionType: ServerList.
20:24:1:Client disconnected [Total:0]. Account: 'xwerswoodx'. IP='127.0.0.1'.
20:24:2:Client connected [Total:1]. IP='127.0.0.1'. (Connecting/Connected: 1/2).
20:24:2:Login for account 'xwerswoodx'. IP='127.0.0.1'. ConnectionType: CharList/Game.
20:24:2:Character startup for account 'xwerswoodx', char 'Hamit'. IP='127.0.0.1'.
20:25:2:'xwerswoodx' commands 'show itemid'=1
20:25:2:'xwerswoodx' commands 'Remove'=1
20:25:2:'xwerswoodx' commands 'show itemidentification'=1
20:25:2:'xwerswoodx' commands 'show tactics'=1
20:25:2:'xwerswoodx' commands 'show itemid'=1
20:26:2:'xwerswoodx' commands 'itemid 100'=1
20:26:2:'xwerswoodx' commands 'luck 10'=1
20:26:2:'xwerswoodx' commands 'luck 100'=1
20:26:2:'xwerswoodx' commands 'luck 101'=1
20:26:2:'xwerswoodx' commands 'luck 100'=1
20:29:Garbage Collection: started.
20:29:Garbage Collection: done. 17 Objects accounted for.
20:29:World data saved   (datas/saves/sphereworld.scp).
20:29:Player data saved  (datas/saves/spherechars.scp).
20:29:Multi data saved   (datas/saves/spheremultis.scp).
20:29:Context data saved (datas/saves/spheredata.scp).
20:29:World save completed, took 0.0324 seconds.
20:34:Garbage Collection: started.
20:34:Garbage Collection: done. 17 Objects accounted for.
20:34:World data saved   (datas/saves/sphereworld.scp).
20:34:Player data saved  (datas/saves/spherechars.scp).
20:34:Multi data saved   (datas/saves/spheremultis.scp).
20:34:Context data saved (datas/saves/spheredata.scp).
20:34:World save completed, took 0.2053 seconds.
20:39:Garbage Collection: started.
20:39:Garbage Collection: done. 17 Objects accounted for.
20:39:World data saved   (datas/saves/sphereworld.scp).
20:39:Player data saved  (datas/saves/spherechars.scp).
20:39:Multi data saved   (datas/saves/spheremultis.scp).
20:39:Context data saved (datas/saves/spheredata.scp).
20:39:World save completed, took 0.0014 seconds.
20:44:Garbage Collection: started.
20:44:Garbage Collection: done. 17 Objects accounted for.
20:44:World data saved   (datas/saves/sphereworld.scp).
20:44:Player data saved  (datas/saves/spherechars.scp).
20:44:Multi data saved   (datas/saves/spheremultis.scp).
20:44:Context data saved (datas/saves/spheredata.scp).
20:44:World save completed, took 0.6796 seconds.
20:49:Garbage Collection: started.
20:49:Garbage Collection: done. 17 Objects accounted for.
20:49:World data saved   (datas/saves/sphereworld.scp).
20:49:Player data saved  (datas/saves/spherechars.scp).
20:49:Multi data saved   (datas/saves/spheremultis.scp).
20:49:Context data saved (datas/saves/spheredata.scp).
20:49:World save completed, took 0.3507 seconds.
20:54:Garbage Collection: started.
20:54:Garbage Collection: done. 17 Objects accounted for.
20:54:World data saved   (datas/saves/sphereworld.scp).
20:54:Player data saved  (datas/saves/spherechars.scp).
20:54:Multi data saved   (datas/saves/spheremultis.scp).
20:54:Context data saved (datas/saves/spheredata.scp).
20:54:World save completed, took 0.6258 seconds.
20:59:Garbage Collection: started.
20:59:Garbage Collection: done. 17 Objects accounted for.
20:59:World data saved   (datas/saves/sphereworld.scp).
20:59:Player data saved  (datas/saves/spherechars.scp).
20:59:Multi data saved   (datas/saves/spheremultis.scp).
20:59:Context data saved (datas/saves/spheredata.scp).
20:59:World save completed, took 0.2788 seconds.
21:04:Garbage Collection: started.
21:04:Garbage Collection: done. 17 Objects accounted for.
21:04:World data saved   (datas/saves/sphereworld.scp).
21:04:Player data saved  (datas/saves/spherechars.scp).
21:04:Multi data saved   (datas/saves/spheremultis.scp).
21:04:Context data saved (datas/saves/spheredata.scp).
21:04:World save completed, took 0.8550 seconds.
21:09:Garbage Collection: started.
21:09:Garbage Collection: done. 17 Objects accounted for.
21:09:World data saved   (datas/saves/sphereworld.scp).
21:09:Player data saved  (datas/saves/spherechars.scp).
21:09:Multi data saved   (datas/saves/spheremultis.scp).
21:09:Context data saved (datas/saves/spheredata.scp).
21:09:World save completed, took 0.3014 seconds.
21:14:Garbage Collection: started.
21:14:Garbage Collection: done. 17 Objects accounted for.
21:14:World data saved   (datas/saves/sphereworld.scp).
21:14:Player data saved  (datas/saves/spherechars.scp).
21:14:Multi data saved   (datas/saves/spheremultis.scp).
21:14:Context data saved (datas/saves/spheredata.scp).
21:14:World save completed, took 0.7575 seconds.
21:19:Garbage Collection: started.
21:19:Garbage Collection: done. 17 Objects accounted for.
21:19:World data saved   (datas/saves/sphereworld.scp).
21:19:Player data saved  (datas/saves/spherechars.scp).
21:19:Multi data saved   (datas/saves/spheremultis.scp).
21:19:Context data saved (datas/saves/spheredata.scp).
21:19:World save completed, took 0.6604 seconds.
21:24:Garbage Collection: started.
21:24:Garbage Collection: done. 17 Objects accounted for.
21:24:World data saved   (datas/saves/sphereworld.scp).
21:24:Player data saved  (datas/saves/spherechars.scp).
21:24:Multi data saved   (datas/saves/spheremultis.scp).
21:24:Context data saved (datas/saves/spheredata.scp).
21:24:World save completed, took 0.5037 seconds.
21:29:Garbage Collection: started.
21:29:Garbage Collection: done. 17 Objects accounted for.
21:29:World data saved   (datas/saves/sphereworld.scp).
21:29:Player data saved  (datas/saves/spherechars.scp).
21:29:Multi data saved   (datas/saves/spheremultis.scp).
21:29:Context data saved (datas/saves/spheredata.scp).
21:29:World save completed, took 0.1822 seconds.
21:34:Garbage Collection: started.
21:34:Garbage Collection: done. 17 Objects accounted for.
21:34:World data saved   (datas/saves/sphereworld.scp).
21:34:Player data saved  (datas/saves/spherechars.scp).
21:34:Multi data saved   (datas/saves/spheremultis.scp).
21:34:Context data saved (datas/saves/spheredata.scp).
21:34:World save completed, took 0.8666 seconds.
21:39:Garbage Collection: started.
21:39:Garbage Collection: done. 17 Objects accounted for.
21:39:World data saved   (datas/saves/sphereworld.scp).
21:39:Player data saved  (datas/saves/spherechars.scp).
21:39:Multi data saved   (datas/saves/spheremultis.scp).
21:39:Context data saved (datas/saves/spheredata.scp).
21:39:World save completed, took 0.5861 seconds.
21:40:2:Client disconnected [Total:0]. Account: 'xwerswoodx'. Char: 'Hamit'. IP='127.0.0.1'.
