18:47:WARNING:(sphere.ini,948)'scripts/spherestatusbase.html' not found...
18:47:ERROR:(sphere.ini,948)Can't open web page input 'spherestatusbase1.htm'
18:47:WARNING:(sphere.ini,948)'scripts/spherestatusbase.html' not found...
18:47:ERROR:(sphere.ini,948)Can't open web page input 'spherestatusbase1.htm'
18:47:SphereServer-eXperimental Version 0.56d-Debug [WIN64] by www.spherecommunity.net.
18:47:Compiled at Mar 17 2018 (10:46:23) [build 2639 / GIT hash c3a4d10efb65bcaa755ff3b0afc6f44cbe722cdd]

18:47:FATAL:The sphere.INI file is corrupt or missing
18:47:FATAL:MUL File 'multi.idx' not found...
18:47:FATAL:Server terminated: Failed to load server settings (code -3)
18:47:WARNING:(sphere.ini,948)'scripts/spherestatusbase.html' not found...
18:47:ERROR:(sphere.ini,948)Can't open web page input 'spherestatusbase1.htm'
18:47:WARNING:(sphere.ini,948)'scripts/spherestatusbase.html' not found...
18:47:ERROR:(sphere.ini,948)Can't open web page input 'spherestatusbase1.htm'
18:47:SphereServer-eXperimental Version 0.56d-Debug [WIN64] by www.spherecommunity.net.
18:47:Compiled at Mar 17 2018 (10:46:23) [build 2639 / GIT hash c3a4d10efb65bcaa755ff3b0afc6f44cbe722cdd]

18:47:Expansion maps supported: Felucca (0), Trammel (1), Ilshenar (2), Malas (3), Tokuno Islands (4), Ter Mur (5)
18:47:WARNING:'scripts/spheretables.scp' not found...
18:47:FATAL:The sphere.INI file is corrupt or missing
18:47:FATAL:Error opening table definitions file...
18:47:FATAL:Server terminated: Failed to load server settings (code -3)
18:48:SphereServer-eXperimental Version 0.56d-Debug [WIN64] by www.spherecommunity.net.
18:48:Compiled at Mar 17 2018 (10:46:23) [build 2639 / GIT hash c3a4d10efb65bcaa755ff3b0afc6f44cbe722cdd]

18:48:Expansion maps supported: Felucca (0), Trammel (1), Ilshenar (2), Malas (3), Tokuno Islands (4), Ter Mur (5)
18:48:Allocating map sectors: 0=7168 1=7168 2=900 3=1280 4=484 5=1280
18:48:
Indexing 197 scripts...
18:48:Loading scripts/sphere_admin.scp
18:48:Loading scripts/sphere_backward_compatibility.scp
18:48:Loading scripts/sphere_book.scp
18:48:Loading scripts/sphere_defs.scp
18:48:Loading scripts/sphere_dialog.scp
18:48:Loading scripts/sphere_events_human.scp
18:48:Loading scripts/sphere_events_npcs.scp
18:48:Loading scripts/sphere_menu.scp
18:48:Loading scripts/sphere_name.scp
18:48:Loading scripts/sphere_serv_triggers.scp
18:48:Loading scripts/sphere_skills.scp
18:48:Loading scripts/sphere_skillmenu.scp
18:48:Loading scripts/sphere_newb.scp
18:48:Loading scripts/sphere_speech.scp
18:48:Loading scripts/sphere_types.scp
18:48:Loading scripts/items/sphere_item_wedding.scp
18:48:Loading scripts/items/sphere_item_vice_virtue.scp
18:48:Loading scripts/items/sphere_item_veteran_rewards.scp
18:48:Loading scripts/items/sphere_item_vegetation.scp
18:48:Loading scripts/items/sphere_item_unsorted.scp
18:48:Loading scripts/items/sphere_item_typedef_equipitem.scp
18:48:Loading scripts/items/sphere_item_typedefs.scp
18:48:Loading scripts/items/sphere_item_theme_pack_shadow.scp
18:48:Loading scripts/items/sphere_item_theme_pack_rustic.scp
18:48:Loading scripts/items/sphere_item_theme_pack_kings_collection.scp
18:48:Loading scripts/items/sphere_item_theme_pack_gothic.scp
18:48:Loading scripts/items/sphere_item_theme_pack_crystal.scp
18:48:Loading scripts/items/sphere_item_siege.scp
18:48:Loading scripts/items/sphere_item_ship_parts_tokuno.scp
18:48:Loading scripts/items/sphere_item_ship_parts_orcish.scp
18:48:Loading scripts/items/sphere_item_ship_parts_gargish.scp
18:48:Loading scripts/items/sphere_item_ship_parts_britannian.scp
18:48:Loading scripts/items/sphere_item_ship_parts.scp
18:48:Loading scripts/items/sphere_item_resources.scp
18:48:Loading scripts/items/sphere_item_quests.scp
18:48:Loading scripts/items/sphere_item_provisions_weapons.scp
18:48:Loading scripts/items/sphere_item_provisions_shields.scp
18:48:Loading scripts/items/sphere_item_provisions_potions.scp
18:48:Loading scripts/items/sphere_item_provisions_ore.scp
18:48:Loading scripts/items/sphere_item_provisions_misc.scp
18:48:Loading scripts/items/sphere_item_provisions_logs.scp
18:48:Loading scripts/items/sphere_item_provisions_jewelry.scp
18:48:Loading scripts/items/sphere_item_provisions_deed.scp
18:48:Loading scripts/items/sphere_item_provisions_clothing.scp
18:48:Loading scripts/items/sphere_item_provisions_armor_color.scp
18:48:Loading scripts/items/sphere_item_provisions_armor.scp
18:48:Loading scripts/items/sphere_item_profession_tailor_tanner.scp
18:48:Loading scripts/items/sphere_item_profession_cook_barkeep_baker.scp
18:48:Loading scripts/items/sphere_item_profession_cartographer.scp
18:48:Loading scripts/items/sphere_item_profession_barber.scp
18:48:Loading scripts/items/sphere_item_profession_alchemist.scp
18:48:Loading scripts/items/sphere_item_profession.scp
18:48:Loading scripts/items/sphere_item_offset.scp
18:48:Loading scripts/items/sphere_item_misc.scp
18:48:Loading scripts/items/sphere_item_memories.scp
18:48:Loading scripts/items/sphere_item_magic_weapon.scp
18:48:Loading scripts/items/sphere_item_magic_wands.scp
18:48:Loading scripts/items/sphere_item_magic_spellweaving.scp
18:48:Loading scripts/items/sphere_item_magic_skillmasteries.scp
18:48:Loading scripts/items/sphere_item_magic_ninjitsu_bushido.scp
18:48:Loading scripts/items/sphere_item_magic_necromancer_aos.scp
18:48:Loading scripts/items/sphere_item_magic_mysticism.scp
18:48:Loading scripts/items/sphere_item_magic_magery.scp
18:48:Loading scripts/items/sphere_item_magic_leather.scp
18:48:Loading scripts/items/sphere_item_magic_jewelry.scp
18:48:Loading scripts/items/sphere_item_magic_chivalry.scp
18:48:Loading scripts/items/sphere_item_magic_armor.scp
18:48:Loading scripts/items/sphere_item_holiday_valentines.scp
18:48:Loading scripts/items/sphere_item_holiday_thanksgiving.scp
18:48:Loading scripts/items/sphere_item_holiday_halloween.scp
18:48:Loading scripts/items/sphere_item_holiday_easter.scp
18:48:Loading scripts/items/sphere_item_holiday_christmas.scp
18:48:Loading scripts/items/sphere_item_holiday_anniversary.scp
18:48:Loading scripts/items/sphere_item_ground_tiles.scp
18:48:Loading scripts/items/sphere_item_deco_wall_hangings.scp
18:48:Loading scripts/items/sphere_item_deco_virtues.scp
18:48:Loading scripts/items/sphere_item_deco_themed_collections.scp
18:48:Loading scripts/items/sphere_item_deco_signs.scp
18:48:Loading scripts/items/sphere_item_deco_miniatures.scp
18:48:Loading scripts/items/sphere_item_deco_lightsources.scp
18:48:Loading scripts/items/sphere_item_deco_furniture.scp
18:48:Loading scripts/items/sphere_item_deco_fireplace_chimney_oven.scp
18:48:Loading scripts/items/sphere_item_deco_dungeons_traps_dead.scp
18:48:Loading scripts/items/sphere_item_deco_carvings_statues.scp
18:48:Loading scripts/items/sphere_item_deco_carpet_rugs.scp
18:48:Loading scripts/items/sphere_item_char_icons.scp
18:48:Loading scripts/items/sphere_item_building_walls.scp
18:48:Loading scripts/items/sphere_item_building_stairs.scp
18:48:Loading scripts/items/sphere_item_building_roofs.scp
18:48:Loading scripts/items/sphere_item_building_other.scp
18:48:Loading scripts/items/sphere_item_building_floors.scp
18:48:Loading scripts/items/sphere_item_building_doors.scp
18:48:Loading scripts/items/sphere_item_buildings.scp
18:48:Loading scripts/items/sphere_item_boulders_rocks.scp
18:48:Loading scripts/items/sphere_item_artifacts_tokuno.scp
18:48:Loading scripts/items/sphere_item_artifacts_minor.scp
18:48:Loading scripts/items/sphere_item_artifacts.scp
18:48:Loading scripts/items/sphere_item_animations.scp
18:48:Loading scripts/items/multis/multis_wandering_camps.scp
18:48:Loading scripts/items/multis/multis_stairs.scp
18:48:Loading scripts/items/multis/multis_ships.scp
18:48:Loading scripts/items/multis/multis_misc.scp
18:48:Loading scripts/items/multis/multis_magincia_bazaar.scp
18:48:Loading scripts/items/multis/multis_houses.scp
18:48:Loading scripts/items/multis/multis_foundations.scp
18:48:Loading scripts/stones/sphere_genericstone_types.scp
18:48:Loading scripts/stones/sphere_genericstone_items.scp
18:48:Loading scripts/stones/sphere_genericstone_functions.scp
18:48:Loading scripts/stones/sphere_genericstone_config.scp
18:48:Loading scripts/stones/guilds/sphere_guild_types.scp
18:48:Loading scripts/stones/guilds/sphere_guild_speech.scp
18:48:Loading scripts/stones/guilds/sphere_guild_promptconsole.scp
18:48:Loading scripts/stones/guilds/sphere_guild_items.scp
18:48:WARNING:No resource sections in 'scripts/stones/guilds/sphere_guild_items.scp'
18:48:Loading scripts/stones/guilds/sphere_guild_functions_player.scp
18:48:Loading scripts/stones/guilds/sphere_guild_functions.scp
18:48:Loading scripts/stones/guilds/sphere_guild_events.scp
18:48:Loading scripts/stones/guilds/sphere_guild_dlg_warfarestatus.scp
18:48:Loading scripts/stones/guilds/sphere_guild_dlg_warfaredeclare.scp
18:48:Loading scripts/stones/guilds/sphere_guild_dlg_warfareadmin.scp
18:48:Loading scripts/stones/guilds/sphere_guild_dlg_master.scp
18:48:Loading scripts/stones/guilds/sphere_guild_dlg_main.scp
18:48:Loading scripts/stones/guilds/sphere_guild_dlg_guildlist.scp
18:48:Loading scripts/stones/guilds/sphere_guild_dlg_charter.scp
18:48:Loading scripts/stones/guilds/sphere_guild_dlg_charlist.scp
18:48:Loading scripts/stones/guilds/sphere_guild_dlg_align.scp
18:48:Loading scripts/stones/guilds/sphere_guild_config.scp
18:48:Loading scripts/stones/towns/sphere_town_types.scp
18:48:Loading scripts/stones/towns/sphere_town_speech.scp
18:48:Loading scripts/stones/towns/sphere_town_promptconsole.scp
18:48:Loading scripts/stones/towns/sphere_town_items.scp
18:48:WARNING:No resource sections in 'scripts/stones/towns/sphere_town_items.scp'
18:48:Loading scripts/stones/towns/sphere_town_functions_player.scp
18:48:Loading scripts/stones/towns/sphere_town_functions.scp
18:48:Loading scripts/stones/towns/sphere_town_events.scp
18:48:Loading scripts/stones/towns/sphere_town_dlg_warfarestatus.scp
18:48:Loading scripts/stones/towns/sphere_town_dlg_warfaredeclare.scp
18:48:Loading scripts/stones/towns/sphere_town_dlg_warfareadmin.scp
18:48:Loading scripts/stones/towns/sphere_town_dlg_townlist.scp
18:48:Loading scripts/stones/towns/sphere_town_dlg_master.scp
18:48:Loading scripts/stones/towns/sphere_town_dlg_main.scp
18:48:Loading scripts/stones/towns/sphere_town_dlg_charter.scp
18:48:Loading scripts/stones/towns/sphere_town_dlg_charlist.scp
18:48:Loading scripts/stones/towns/sphere_town_dlg_align.scp
18:48:Loading scripts/stones/towns/sphere_town_config.scp
18:48:Loading scripts/npcs/sphere_vendors.scp
18:48:Loading scripts/npcs/sphere_monsters_custom.scp
18:48:Loading scripts/npcs/sphere_monsters.scp
18:48:Loading scripts/npcs/sphere_guildmasters.scp
18:48:Loading scripts/npcs/sphere_citizens.scp
18:48:Loading scripts/npcs/spherechar_human.scp
18:48:Loading scripts/npcs/spherechar_evil.scp
18:48:Loading scripts/speech/spk_ship_cmds.scp
18:48:Loading scripts/speech/spk_house_cmds.scp
18:48:Loading scripts/speech/speakshopkeep.scp
18:48:Loading scripts/speech/speakhuman.scp
18:48:Loading scripts/systems/sphere_system_treasure_maps.scp
18:48:Loading scripts/systems/sphere_system_secret_chest.scp
18:48:Loading scripts/systems/sphere_system_aquarium.scp
18:48:Loading scripts/sphere_spawns.scp
18:48:Loading scripts/sphere_spells.scp
18:48:Loading scripts/sphere_region.scp
18:48:Loading scripts/maps/sphere_map0.scp
18:48:Loading scripts/maps/sphere_map0_ml.scp
18:48:Loading scripts/maps/sphere_map0_sa.scp
18:48:Loading scripts/maps/sphere_map0_hs.scp
18:48:Loading scripts/maps/sphere_map1.scp
18:48:Loading scripts/maps/sphere_map2.scp
18:48:Loading scripts/maps/sphere_map2_ml.scp
18:48:Loading scripts/maps/sphere_map3.scp
18:48:Loading scripts/maps/sphere_map3_se.scp
18:48:Loading scripts/maps/sphere_map3_ml.scp
18:48:Loading scripts/maps/sphere_map4.scp
18:48:Loading scripts/maps/sphere_map5.scp
18:48:Loading scripts/maps/sphere_map5_tol.scp
18:48:Loading scripts/maps/sphere_map_points0.scp
18:48:Loading scripts/maps/sphere_map_points0_ml.scp
18:48:Loading scripts/maps/sphere_map_points0_hs.scp
18:48:Loading scripts/maps/sphere_map_points0_tol.scp
18:48:Loading scripts/maps/sphere_map_points1.scp
18:48:Loading scripts/maps/sphere_map_points2.scp
18:48:Loading scripts/maps/sphere_map_points2_ml.scp
18:48:Loading scripts/maps/sphere_map_points3.scp
18:48:Loading scripts/maps/sphere_map_points3_se.scp
18:48:Loading scripts/maps/sphere_map_points3_ml.scp
18:48:Loading scripts/maps/sphere_map_points4.scp
18:48:Loading scripts/maps/sphere_map_points5.scp
18:48:Loading scripts/maps/sphere_map_points5_tol.scp
18:48:Loading scripts/sphere_template.scp
18:48:Loading scripts/sphere_template_loot.scp
18:48:Loading scripts/sphere_template_vend.scp
18:48:Loading scripts/sphere_template_weapons.scp
18:48:Loading scripts/sphere_template_sets.scp
18:48:ERROR:(sphere_template_sets.scp,912)Undefined symbol 'i_aquarium' ['i_aquarium']
18:48:Loading scripts/sphere_template_misc.scp
18:48:Loading scripts/sphere_template_magic.scp
18:48:Loading scripts/sphere_template_armor.scp
18:48:Loading scripts/sphere_msgs.scp
18:48:Loading scripts/sphere_combat.scp
18:48:Loading scripts/sphere_add_sqlite.scp
18:48:Loaded 180 client encryption keys.
18:48:Server started on hostname 'DESKTOP-GIBNJ24'
18:48:Monitoring IP 192.168.0.11:2593
18:48:WARNING:'accounts/sphereaccu.scp' not found...
18:48:WARNING:Rename accounts/sphereaccu.scp to 'accounts/sphereb100a.scp' FAILED code 2?
18:48:WARNING:'save/spheredata.scp' not found...
18:48:WARNING:Can't Load save/spheredata
18:48:WARNING:'save/spherestatics.scp' not found...
18:48:WARNING:Can't Load save/spherestatics
18:48:WARNING:'save/spheremultis.scp' not found...
18:48:WARNING:Can't Load save/spheremultis
18:48:WARNING:'save/sphereworld.scp' not found...
18:48:ERROR:Can't Load save/sphereworld
18:48:FATAL:No previous backup available ?
18:48:FATAL:Server terminated: Failed to load worldsave files (code -8)
18:50:SphereServer-eXperimental Version 0.56d-Debug [WIN64] by www.spherecommunity.net.
18:50:Compiled at Mar 17 2018 (10:46:23) [build 2639 / GIT hash c3a4d10efb65bcaa755ff3b0afc6f44cbe722cdd]

18:50:Expansion maps supported: Felucca (0), Trammel (1), Ilshenar (2), Malas (3), Tokuno Islands (4), Ter Mur (5)
18:50:Allocating map sectors: 0=7168 1=7168 2=900 3=1280 4=484 5=1280
18:50:
Indexing 197 scripts...
18:50:Loading scripts/sphere_admin.scp
18:50:Loading scripts/sphere_backward_compatibility.scp
18:50:Loading scripts/sphere_book.scp
18:50:Loading scripts/sphere_defs.scp
18:50:Loading scripts/sphere_dialog.scp
18:50:Loading scripts/sphere_events_human.scp
18:50:Loading scripts/sphere_events_npcs.scp
18:50:Loading scripts/sphere_menu.scp
18:50:Loading scripts/sphere_name.scp
18:50:Loading scripts/sphere_serv_triggers.scp
18:50:Loading scripts/sphere_skills.scp
18:50:Loading scripts/sphere_skillmenu.scp
18:50:Loading scripts/sphere_newb.scp
18:50:Loading scripts/sphere_speech.scp
18:50:Loading scripts/sphere_types.scp
18:50:Loading scripts/items/sphere_item_wedding.scp
18:50:Loading scripts/items/sphere_item_vice_virtue.scp
18:50:Loading scripts/items/sphere_item_veteran_rewards.scp
18:50:Loading scripts/items/sphere_item_vegetation.scp
18:50:Loading scripts/items/sphere_item_unsorted.scp
18:50:Loading scripts/items/sphere_item_typedef_equipitem.scp
18:50:Loading scripts/items/sphere_item_typedefs.scp
18:50:Loading scripts/items/sphere_item_theme_pack_shadow.scp
18:50:Loading scripts/items/sphere_item_theme_pack_rustic.scp
18:50:Loading scripts/items/sphere_item_theme_pack_kings_collection.scp
18:50:Loading scripts/items/sphere_item_theme_pack_gothic.scp
18:50:Loading scripts/items/sphere_item_theme_pack_crystal.scp
18:50:Loading scripts/items/sphere_item_siege.scp
18:50:Loading scripts/items/sphere_item_ship_parts_tokuno.scp
18:50:Loading scripts/items/sphere_item_ship_parts_orcish.scp
18:50:Loading scripts/items/sphere_item_ship_parts_gargish.scp
18:50:Loading scripts/items/sphere_item_ship_parts_britannian.scp
18:50:Loading scripts/items/sphere_item_ship_parts.scp
18:50:Loading scripts/items/sphere_item_resources.scp
18:50:Loading scripts/items/sphere_item_quests.scp
18:50:Loading scripts/items/sphere_item_provisions_weapons.scp
18:50:Loading scripts/items/sphere_item_provisions_shields.scp
18:50:Loading scripts/items/sphere_item_provisions_potions.scp
18:50:Loading scripts/items/sphere_item_provisions_ore.scp
18:50:Loading scripts/items/sphere_item_provisions_misc.scp
18:50:Loading scripts/items/sphere_item_provisions_logs.scp
18:50:Loading scripts/items/sphere_item_provisions_jewelry.scp
18:50:Loading scripts/items/sphere_item_provisions_deed.scp
18:50:Loading scripts/items/sphere_item_provisions_clothing.scp
18:50:Loading scripts/items/sphere_item_provisions_armor_color.scp
18:50:Loading scripts/items/sphere_item_provisions_armor.scp
18:50:Loading scripts/items/sphere_item_profession_tailor_tanner.scp
18:50:Loading scripts/items/sphere_item_profession_cook_barkeep_baker.scp
18:50:Loading scripts/items/sphere_item_profession_cartographer.scp
18:50:Loading scripts/items/sphere_item_profession_barber.scp
18:50:Loading scripts/items/sphere_item_profession_alchemist.scp
18:50:Loading scripts/items/sphere_item_profession.scp
18:50:Loading scripts/items/sphere_item_offset.scp
18:50:Loading scripts/items/sphere_item_misc.scp
18:50:Loading scripts/items/sphere_item_memories.scp
18:50:Loading scripts/items/sphere_item_magic_weapon.scp
18:50:Loading scripts/items/sphere_item_magic_wands.scp
18:50:Loading scripts/items/sphere_item_magic_spellweaving.scp
18:50:Loading scripts/items/sphere_item_magic_skillmasteries.scp
18:50:Loading scripts/items/sphere_item_magic_ninjitsu_bushido.scp
18:50:Loading scripts/items/sphere_item_magic_necromancer_aos.scp
18:50:Loading scripts/items/sphere_item_magic_mysticism.scp
18:50:Loading scripts/items/sphere_item_magic_magery.scp
18:50:Loading scripts/items/sphere_item_magic_leather.scp
18:50:Loading scripts/items/sphere_item_magic_jewelry.scp
18:50:Loading scripts/items/sphere_item_magic_chivalry.scp
18:50:Loading scripts/items/sphere_item_magic_armor.scp
18:50:Loading scripts/items/sphere_item_holiday_valentines.scp
18:50:Loading scripts/items/sphere_item_holiday_thanksgiving.scp
18:50:Loading scripts/items/sphere_item_holiday_halloween.scp
18:50:Loading scripts/items/sphere_item_holiday_easter.scp
18:50:Loading scripts/items/sphere_item_holiday_christmas.scp
18:50:Loading scripts/items/sphere_item_holiday_anniversary.scp
18:50:Loading scripts/items/sphere_item_ground_tiles.scp
18:50:Loading scripts/items/sphere_item_deco_wall_hangings.scp
18:50:Loading scripts/items/sphere_item_deco_virtues.scp
18:50:Loading scripts/items/sphere_item_deco_themed_collections.scp
18:50:Loading scripts/items/sphere_item_deco_signs.scp
18:50:Loading scripts/items/sphere_item_deco_miniatures.scp
18:50:Loading scripts/items/sphere_item_deco_lightsources.scp
18:50:Loading scripts/items/sphere_item_deco_furniture.scp
18:50:Loading scripts/items/sphere_item_deco_fireplace_chimney_oven.scp
18:50:Loading scripts/items/sphere_item_deco_dungeons_traps_dead.scp
18:50:Loading scripts/items/sphere_item_deco_carvings_statues.scp
18:50:Loading scripts/items/sphere_item_deco_carpet_rugs.scp
18:50:Loading scripts/items/sphere_item_char_icons.scp
18:50:Loading scripts/items/sphere_item_building_walls.scp
18:50:Loading scripts/items/sphere_item_building_stairs.scp
18:50:Loading scripts/items/sphere_item_building_roofs.scp
18:50:Loading scripts/items/sphere_item_building_other.scp
18:50:Loading scripts/items/sphere_item_building_floors.scp
18:50:Loading scripts/items/sphere_item_building_doors.scp
18:50:Loading scripts/items/sphere_item_buildings.scp
18:50:Loading scripts/items/sphere_item_boulders_rocks.scp
18:50:Loading scripts/items/sphere_item_artifacts_tokuno.scp
18:50:Loading scripts/items/sphere_item_artifacts_minor.scp
18:50:Loading scripts/items/sphere_item_artifacts.scp
18:50:Loading scripts/items/sphere_item_animations.scp
18:50:Loading scripts/items/multis/multis_wandering_camps.scp
18:50:Loading scripts/items/multis/multis_stairs.scp
18:50:Loading scripts/items/multis/multis_ships.scp
18:50:Loading scripts/items/multis/multis_misc.scp
18:50:Loading scripts/items/multis/multis_magincia_bazaar.scp
18:50:Loading scripts/items/multis/multis_houses.scp
18:50:Loading scripts/items/multis/multis_foundations.scp
18:50:Loading scripts/stones/sphere_genericstone_types.scp
18:50:Loading scripts/stones/sphere_genericstone_items.scp
18:50:Loading scripts/stones/sphere_genericstone_functions.scp
18:50:Loading scripts/stones/sphere_genericstone_config.scp
18:50:Loading scripts/stones/guilds/sphere_guild_types.scp
18:50:Loading scripts/stones/guilds/sphere_guild_speech.scp
18:50:Loading scripts/stones/guilds/sphere_guild_promptconsole.scp
18:50:Loading scripts/stones/guilds/sphere_guild_items.scp
18:50:WARNING:No resource sections in 'scripts/stones/guilds/sphere_guild_items.scp'
18:50:Loading scripts/stones/guilds/sphere_guild_functions_player.scp
18:50:Loading scripts/stones/guilds/sphere_guild_functions.scp
18:50:Loading scripts/stones/guilds/sphere_guild_events.scp
18:50:Loading scripts/stones/guilds/sphere_guild_dlg_warfarestatus.scp
18:50:Loading scripts/stones/guilds/sphere_guild_dlg_warfaredeclare.scp
18:50:Loading scripts/stones/guilds/sphere_guild_dlg_warfareadmin.scp
18:50:Loading scripts/stones/guilds/sphere_guild_dlg_master.scp
18:50:Loading scripts/stones/guilds/sphere_guild_dlg_main.scp
18:50:Loading scripts/stones/guilds/sphere_guild_dlg_guildlist.scp
18:50:Loading scripts/stones/guilds/sphere_guild_dlg_charter.scp
18:50:Loading scripts/stones/guilds/sphere_guild_dlg_charlist.scp
18:50:Loading scripts/stones/guilds/sphere_guild_dlg_align.scp
18:50:Loading scripts/stones/guilds/sphere_guild_config.scp
18:50:Loading scripts/stones/towns/sphere_town_types.scp
18:50:Loading scripts/stones/towns/sphere_town_speech.scp
18:50:Loading scripts/stones/towns/sphere_town_promptconsole.scp
18:50:Loading scripts/stones/towns/sphere_town_items.scp
18:50:WARNING:No resource sections in 'scripts/stones/towns/sphere_town_items.scp'
18:50:Loading scripts/stones/towns/sphere_town_functions_player.scp
18:50:Loading scripts/stones/towns/sphere_town_functions.scp
18:50:Loading scripts/stones/towns/sphere_town_events.scp
18:50:Loading scripts/stones/towns/sphere_town_dlg_warfarestatus.scp
18:50:Loading scripts/stones/towns/sphere_town_dlg_warfaredeclare.scp
18:50:Loading scripts/stones/towns/sphere_town_dlg_warfareadmin.scp
18:50:Loading scripts/stones/towns/sphere_town_dlg_townlist.scp
18:50:Loading scripts/stones/towns/sphere_town_dlg_master.scp
18:50:Loading scripts/stones/towns/sphere_town_dlg_main.scp
18:50:Loading scripts/stones/towns/sphere_town_dlg_charter.scp
18:50:Loading scripts/stones/towns/sphere_town_dlg_charlist.scp
18:50:Loading scripts/stones/towns/sphere_town_dlg_align.scp
18:50:Loading scripts/stones/towns/sphere_town_config.scp
18:50:Loading scripts/npcs/sphere_vendors.scp
18:50:Loading scripts/npcs/sphere_monsters_custom.scp
18:50:Loading scripts/npcs/sphere_monsters.scp
18:50:Loading scripts/npcs/sphere_guildmasters.scp
18:50:Loading scripts/npcs/sphere_citizens.scp
18:50:Loading scripts/npcs/spherechar_human.scp
18:50:Loading scripts/npcs/spherechar_evil.scp
18:50:Loading scripts/speech/spk_ship_cmds.scp
18:50:Loading scripts/speech/spk_house_cmds.scp
18:50:Loading scripts/speech/speakshopkeep.scp
18:50:Loading scripts/speech/speakhuman.scp
18:50:Loading scripts/systems/sphere_system_treasure_maps.scp
18:50:Loading scripts/systems/sphere_system_secret_chest.scp
18:50:Loading scripts/systems/sphere_system_aquarium.scp
18:50:Loading scripts/sphere_spawns.scp
18:50:Loading scripts/sphere_spells.scp
18:50:Loading scripts/sphere_region.scp
18:50:Loading scripts/maps/sphere_map0.scp
18:50:Loading scripts/maps/sphere_map0_ml.scp
18:50:Loading scripts/maps/sphere_map0_sa.scp
18:50:Loading scripts/maps/sphere_map0_hs.scp
18:50:Loading scripts/maps/sphere_map1.scp
18:50:Loading scripts/maps/sphere_map2.scp
18:50:Loading scripts/maps/sphere_map2_ml.scp
18:50:Loading scripts/maps/sphere_map3.scp
18:50:Loading scripts/maps/sphere_map3_se.scp
18:50:Loading scripts/maps/sphere_map3_ml.scp
18:50:Loading scripts/maps/sphere_map4.scp
18:50:Loading scripts/maps/sphere_map5.scp
18:50:Loading scripts/maps/sphere_map5_tol.scp
18:50:Loading scripts/maps/sphere_map_points0.scp
18:50:Loading scripts/maps/sphere_map_points0_ml.scp
18:50:Loading scripts/maps/sphere_map_points0_hs.scp
18:50:Loading scripts/maps/sphere_map_points0_tol.scp
18:50:Loading scripts/maps/sphere_map_points1.scp
18:50:Loading scripts/maps/sphere_map_points2.scp
18:50:Loading scripts/maps/sphere_map_points2_ml.scp
18:50:Loading scripts/maps/sphere_map_points3.scp
18:50:Loading scripts/maps/sphere_map_points3_se.scp
18:50:Loading scripts/maps/sphere_map_points3_ml.scp
18:50:Loading scripts/maps/sphere_map_points4.scp
18:50:Loading scripts/maps/sphere_map_points5.scp
18:50:Loading scripts/maps/sphere_map_points5_tol.scp
18:50:Loading scripts/sphere_template.scp
18:50:Loading scripts/sphere_template_loot.scp
18:50:Loading scripts/sphere_template_vend.scp
18:50:Loading scripts/sphere_template_weapons.scp
18:50:Loading scripts/sphere_template_sets.scp
18:50:ERROR:(sphere_template_sets.scp,912)Undefined symbol 'i_aquarium' ['i_aquarium']
18:50:Loading scripts/sphere_template_misc.scp
18:50:Loading scripts/sphere_template_magic.scp
18:50:Loading scripts/sphere_template_armor.scp
18:50:Loading scripts/sphere_msgs.scp
18:50:Loading scripts/sphere_combat.scp
18:50:Loading scripts/sphere_add_sqlite.scp
18:50:Loaded 180 client encryption keys.
18:50:Server started on hostname 'DESKTOP-GIBNJ24'
18:50:Monitoring IP 192.168.0.11:2593
18:50:Loading save/spheredata...
18:50:Loading save/spherestatics...
18:50:Loading save/spheremultis...
18:50:Loading save/sphereworld...
18:50:Loading save/spherechars...
18:50:Garbage Collection: started.
18:50:Garbage Collection: done. 0 Objects accounted for.
18:50:Option flags: CommandSysmessages + NoHouseMuteSpeech
18:50:Admin=me@my.email.com, URL=www.myshard.com, Lang=English, TZ=0
18:50:Startup complete. items=0, chars=0
18:50:Press '?' for console commands.
18:50:Started 1 network threads.
18:50:FATAL:Server terminated: Console window closed (code 5)
18:50:SphereServer-eXperimental Version 0.56d-Debug [WIN64] by www.spherecommunity.net.
18:50:Compiled at Mar 17 2018 (10:46:23) [build 2639 / GIT hash c3a4d10efb65bcaa755ff3b0afc6f44cbe722cdd]

18:50:Expansion maps supported: Felucca (0), Trammel (1), Ilshenar (2), Malas (3), Tokuno Islands (4), Ter Mur (5)
18:50:Allocating map sectors: 0=7168 1=7168 2=900 3=1280 4=484 5=1280
18:50:
Indexing 159 scripts...
18:50:Loading scripts/sphere_admin.scp
18:50:Loading scripts/sphere_backward_compatibility.scp
18:50:Loading scripts/sphere_book.scp
18:50:Loading scripts/sphere_defs.scp
18:50:Loading scripts/sphere_dialog.scp
18:50:Loading scripts/sphere_events_human.scp
18:50:Loading scripts/sphere_events_npcs.scp
18:50:Loading scripts/sphere_menu.scp
18:50:Loading scripts/sphere_name.scp
18:50:Loading scripts/sphere_serv_triggers.scp
18:50:Loading scripts/sphere_skills.scp
18:50:Loading scripts/sphere_skillmenu.scp
18:50:Loading scripts/sphere_newb.scp
18:50:Loading scripts/sphere_speech.scp
18:50:Loading scripts/sphere_types.scp
18:50:Loading scripts/items/sphere_item_wedding.scp
18:50:Loading scripts/items/sphere_item_vice_virtue.scp
18:50:Loading scripts/items/sphere_item_veteran_rewards.scp
18:50:Loading scripts/items/sphere_item_vegetation.scp
18:50:Loading scripts/items/sphere_item_unsorted.scp
18:50:Loading scripts/items/sphere_item_typedef_equipitem.scp
18:50:Loading scripts/items/sphere_item_typedefs.scp
18:50:Loading scripts/items/sphere_item_theme_pack_shadow.scp
18:50:Loading scripts/items/sphere_item_theme_pack_rustic.scp
18:50:Loading scripts/items/sphere_item_theme_pack_kings_collection.scp
18:50:Loading scripts/items/sphere_item_theme_pack_gothic.scp
18:50:Loading scripts/items/sphere_item_theme_pack_crystal.scp
18:50:Loading scripts/items/sphere_item_siege.scp
18:50:Loading scripts/items/sphere_item_ship_parts_tokuno.scp
18:50:Loading scripts/items/sphere_item_ship_parts_orcish.scp
18:50:Loading scripts/items/sphere_item_ship_parts_gargish.scp
18:50:Loading scripts/items/sphere_item_ship_parts_britannian.scp
18:50:Loading scripts/items/sphere_item_ship_parts.scp
18:50:Loading scripts/items/sphere_item_resources.scp
18:50:Loading scripts/items/sphere_item_quests.scp
18:50:Loading scripts/items/sphere_item_provisions_weapons.scp
18:50:Loading scripts/items/sphere_item_provisions_shields.scp
18:50:Loading scripts/items/sphere_item_provisions_potions.scp
18:50:Loading scripts/items/sphere_item_provisions_ore.scp
18:50:Loading scripts/items/sphere_item_provisions_misc.scp
18:50:Loading scripts/items/sphere_item_provisions_logs.scp
18:50:Loading scripts/items/sphere_item_provisions_jewelry.scp
18:50:Loading scripts/items/sphere_item_provisions_deed.scp
18:50:Loading scripts/items/sphere_item_provisions_clothing.scp
18:50:Loading scripts/items/sphere_item_provisions_armor_color.scp
18:50:Loading scripts/items/sphere_item_provisions_armor.scp
18:50:Loading scripts/items/sphere_item_profession_tailor_tanner.scp
18:50:Loading scripts/items/sphere_item_profession_cook_barkeep_baker.scp
18:50:Loading scripts/items/sphere_item_profession_cartographer.scp
18:50:Loading scripts/items/sphere_item_profession_barber.scp
18:50:Loading scripts/items/sphere_item_profession_alchemist.scp
18:50:Loading scripts/items/sphere_item_profession.scp
18:50:Loading scripts/items/sphere_item_offset.scp
18:50:Loading scripts/items/sphere_item_misc.scp
18:50:Loading scripts/items/sphere_item_memories.scp
18:50:Loading scripts/items/sphere_item_magic_weapon.scp
18:50:Loading scripts/items/sphere_item_magic_wands.scp
18:50:Loading scripts/items/sphere_item_magic_spellweaving.scp
18:50:Loading scripts/items/sphere_item_magic_skillmasteries.scp
18:50:Loading scripts/items/sphere_item_magic_ninjitsu_bushido.scp
18:50:Loading scripts/items/sphere_item_magic_necromancer_aos.scp
18:50:Loading scripts/items/sphere_item_magic_mysticism.scp
18:50:Loading scripts/items/sphere_item_magic_magery.scp
18:50:Loading scripts/items/sphere_item_magic_leather.scp
18:50:Loading scripts/items/sphere_item_magic_jewelry.scp
18:50:Loading scripts/items/sphere_item_magic_chivalry.scp
18:50:Loading scripts/items/sphere_item_magic_armor.scp
18:50:Loading scripts/items/sphere_item_holiday_valentines.scp
18:50:Loading scripts/items/sphere_item_holiday_thanksgiving.scp
18:50:Loading scripts/items/sphere_item_holiday_halloween.scp
18:50:Loading scripts/items/sphere_item_holiday_easter.scp
18:50:Loading scripts/items/sphere_item_holiday_christmas.scp
18:50:Loading scripts/items/sphere_item_holiday_anniversary.scp
18:50:Loading scripts/items/sphere_item_ground_tiles.scp
18:50:Loading scripts/items/sphere_item_deco_wall_hangings.scp
18:50:Loading scripts/items/sphere_item_deco_virtues.scp
18:50:Loading scripts/items/sphere_item_deco_themed_collections.scp
18:50:Loading scripts/items/sphere_item_deco_signs.scp
18:50:Loading scripts/items/sphere_item_deco_miniatures.scp
18:50:Loading scripts/items/sphere_item_deco_lightsources.scp
18:50:Loading scripts/items/sphere_item_deco_furniture.scp
18:50:Loading scripts/items/sphere_item_deco_fireplace_chimney_oven.scp
18:50:Loading scripts/items/sphere_item_deco_dungeons_traps_dead.scp
18:50:Loading scripts/items/sphere_item_deco_carvings_statues.scp
18:50:Loading scripts/items/sphere_item_deco_carpet_rugs.scp
18:50:Loading scripts/items/sphere_item_char_icons.scp
18:50:Loading scripts/items/sphere_item_building_walls.scp
18:50:Loading scripts/items/sphere_item_building_stairs.scp
18:50:Loading scripts/items/sphere_item_building_roofs.scp
18:50:Loading scripts/items/sphere_item_building_other.scp
18:50:Loading scripts/items/sphere_item_building_floors.scp
18:50:Loading scripts/items/sphere_item_building_doors.scp
18:50:Loading scripts/items/sphere_item_buildings.scp
18:50:Loading scripts/items/sphere_item_boulders_rocks.scp
18:50:Loading scripts/items/sphere_item_artifacts_tokuno.scp
18:50:Loading scripts/items/sphere_item_artifacts_minor.scp
18:50:Loading scripts/items/sphere_item_artifacts.scp
18:50:Loading scripts/items/sphere_item_animations.scp
18:50:Loading scripts/items/multis/multis_wandering_camps.scp
18:50:Loading scripts/items/multis/multis_stairs.scp
18:50:Loading scripts/items/multis/multis_ships.scp
18:50:Loading scripts/items/multis/multis_misc.scp
18:50:Loading scripts/items/multis/multis_magincia_bazaar.scp
18:50:Loading scripts/items/multis/multis_houses.scp
18:50:Loading scripts/items/multis/multis_foundations.scp
18:50:Loading scripts/npcs/sphere_vendors.scp
18:50:Loading scripts/npcs/sphere_monsters_custom.scp
18:50:Loading scripts/npcs/sphere_monsters.scp
18:50:Loading scripts/npcs/sphere_guildmasters.scp
18:50:Loading scripts/npcs/sphere_citizens.scp
18:50:Loading scripts/npcs/spherechar_human.scp
18:50:Loading scripts/npcs/spherechar_evil.scp
18:50:Loading scripts/speech/spk_ship_cmds.scp
18:50:Loading scripts/speech/spk_house_cmds.scp
18:50:Loading scripts/speech/speakshopkeep.scp
18:50:Loading scripts/speech/speakhuman.scp
18:50:Loading scripts/systems/sphere_system_treasure_maps.scp
18:50:Loading scripts/systems/sphere_system_secret_chest.scp
18:50:Loading scripts/systems/sphere_system_aquarium.scp
18:50:Loading scripts/sphere_spawns.scp
18:50:Loading scripts/sphere_spells.scp
18:50:Loading scripts/sphere_region.scp
18:50:Loading scripts/maps/sphere_map0.scp
18:50:Loading scripts/maps/sphere_map0_ml.scp
18:50:Loading scripts/maps/sphere_map0_sa.scp
18:50:Loading scripts/maps/sphere_map0_hs.scp
18:50:Loading scripts/maps/sphere_map1.scp
18:50:Loading scripts/maps/sphere_map2.scp
18:50:Loading scripts/maps/sphere_map2_ml.scp
18:50:Loading scripts/maps/sphere_map3.scp
18:50:Loading scripts/maps/sphere_map3_se.scp
18:50:Loading scripts/maps/sphere_map3_ml.scp
18:50:Loading scripts/maps/sphere_map4.scp
18:50:Loading scripts/maps/sphere_map5.scp
18:50:Loading scripts/maps/sphere_map5_tol.scp
18:50:Loading scripts/maps/sphere_map_points0.scp
18:50:Loading scripts/maps/sphere_map_points0_ml.scp
18:50:Loading scripts/maps/sphere_map_points0_hs.scp
18:50:Loading scripts/maps/sphere_map_points0_tol.scp
18:50:Loading scripts/maps/sphere_map_points1.scp
18:50:Loading scripts/maps/sphere_map_points2.scp
18:50:Loading scripts/maps/sphere_map_points2_ml.scp
18:50:Loading scripts/maps/sphere_map_points3.scp
18:50:Loading scripts/maps/sphere_map_points3_se.scp
18:50:Loading scripts/maps/sphere_map_points3_ml.scp
18:50:Loading scripts/maps/sphere_map_points4.scp
18:50:Loading scripts/maps/sphere_map_points5.scp
18:50:Loading scripts/maps/sphere_map_points5_tol.scp
18:50:Loading scripts/sphere_template.scp
18:50:Loading scripts/sphere_template_loot.scp
18:50:Loading scripts/sphere_template_vend.scp
18:50:Loading scripts/sphere_template_weapons.scp
18:50:Loading scripts/sphere_template_sets.scp
18:50:ERROR:(sphere_template_sets.scp,912)Undefined symbol 'i_aquarium' ['i_aquarium']
18:50:Loading scripts/sphere_template_misc.scp
18:50:Loading scripts/sphere_template_magic.scp
18:50:Loading scripts/sphere_template_armor.scp
18:50:Loading scripts/sphere_msgs.scp
18:50:Loading scripts/sphere_combat.scp
18:50:Loading scripts/sphere_add_sqlite.scp
18:50:Loaded 180 client encryption keys.
18:50:Server started on hostname 'DESKTOP-GIBNJ24'
18:50:Monitoring IP 192.168.0.11:2593
18:50:Loading save/spheredata...
18:50:Loading save/spherestatics...
18:50:Loading save/spheremultis...
18:50:Loading save/sphereworld...
18:50:Loading save/spherechars...
18:50:Garbage Collection: started.
18:50:Garbage Collection: done. 0 Objects accounted for.
18:50:Option flags: CommandSysmessages + NoHouseMuteSpeech
18:50:Admin=me@my.email.com, URL=www.myshard.com, Lang=English, TZ=0
18:50:Startup complete. items=0, chars=0
18:50:Press '?' for console commands.
18:50:Started 1 network threads.
18:55:Garbage Collection: started.
18:55:Garbage Collection: done. 0 Objects accounted for.
18:55:World data saved   (save/sphereworld.scp).
18:55:Player data saved  (save/spherechars.scp).
18:55:Multi data saved   (save/spheremultis.scp).
18:55:Context data saved (save/spheredata.scp).
18:55:World save completed, took 0.0756 seconds.
18:55:FATAL:Server terminated: Console window closed (code 5)
18:55:SphereServer-eXperimental Version 0.56d-Debug [WIN64] by www.spherecommunity.net.
18:55:Compiled at Mar 17 2018 (10:46:23) [build 2639 / GIT hash c3a4d10efb65bcaa755ff3b0afc6f44cbe722cdd]

18:55:Expansion maps supported: Felucca (0), Trammel (1), Ilshenar (2), Malas (3), Tokuno Islands (4), Ter Mur (5)
18:55:Allocating map sectors: 0=7168 1=7168 2=900 3=1280 4=484 5=1280
18:55:
Indexing 159 scripts...
18:55:Loading scripts/sphere_admin.scp
18:55:Loading scripts/sphere_backward_compatibility.scp
18:55:Loading scripts/sphere_book.scp
18:55:Loading scripts/sphere_defs.scp
18:55:Loading scripts/sphere_dialog.scp
18:55:Loading scripts/sphere_events_human.scp
18:55:Loading scripts/sphere_events_npcs.scp
18:55:Loading scripts/sphere_menu.scp
18:55:Loading scripts/sphere_name.scp
18:55:Loading scripts/sphere_serv_triggers.scp
18:55:Loading scripts/sphere_skills.scp
18:55:Loading scripts/sphere_skillmenu.scp
18:55:Loading scripts/sphere_newb.scp
18:55:Loading scripts/sphere_speech.scp
18:55:Loading scripts/sphere_types.scp
18:55:Loading scripts/items/sphere_item_wedding.scp
18:55:Loading scripts/items/sphere_item_vice_virtue.scp
18:55:Loading scripts/items/sphere_item_veteran_rewards.scp
18:55:Loading scripts/items/sphere_item_vegetation.scp
18:55:Loading scripts/items/sphere_item_unsorted.scp
18:55:Loading scripts/items/sphere_item_typedef_equipitem.scp
18:55:Loading scripts/items/sphere_item_typedefs.scp
18:55:Loading scripts/items/sphere_item_theme_pack_shadow.scp
18:55:Loading scripts/items/sphere_item_theme_pack_rustic.scp
18:55:Loading scripts/items/sphere_item_theme_pack_kings_collection.scp
18:55:Loading scripts/items/sphere_item_theme_pack_gothic.scp
18:55:Loading scripts/items/sphere_item_theme_pack_crystal.scp
18:55:Loading scripts/items/sphere_item_siege.scp
18:55:Loading scripts/items/sphere_item_ship_parts_tokuno.scp
18:55:Loading scripts/items/sphere_item_ship_parts_orcish.scp
18:55:Loading scripts/items/sphere_item_ship_parts_gargish.scp
18:55:Loading scripts/items/sphere_item_ship_parts_britannian.scp
18:55:Loading scripts/items/sphere_item_ship_parts.scp
18:55:Loading scripts/items/sphere_item_resources.scp
18:55:Loading scripts/items/sphere_item_quests.scp
18:55:Loading scripts/items/sphere_item_provisions_weapons.scp
18:55:Loading scripts/items/sphere_item_provisions_shields.scp
18:55:Loading scripts/items/sphere_item_provisions_potions.scp
18:55:Loading scripts/items/sphere_item_provisions_ore.scp
18:55:Loading scripts/items/sphere_item_provisions_misc.scp
18:55:Loading scripts/items/sphere_item_provisions_logs.scp
18:55:Loading scripts/items/sphere_item_provisions_jewelry.scp
18:55:Loading scripts/items/sphere_item_provisions_deed.scp
18:55:Loading scripts/items/sphere_item_provisions_clothing.scp
18:55:Loading scripts/items/sphere_item_provisions_armor_color.scp
18:55:Loading scripts/items/sphere_item_provisions_armor.scp
18:55:Loading scripts/items/sphere_item_profession_tailor_tanner.scp
18:55:Loading scripts/items/sphere_item_profession_cook_barkeep_baker.scp
18:55:Loading scripts/items/sphere_item_profession_cartographer.scp
18:55:Loading scripts/items/sphere_item_profession_barber.scp
18:55:Loading scripts/items/sphere_item_profession_alchemist.scp
18:55:Loading scripts/items/sphere_item_profession.scp
18:55:Loading scripts/items/sphere_item_offset.scp
18:55:Loading scripts/items/sphere_item_misc.scp
18:55:Loading scripts/items/sphere_item_memories.scp
18:55:Loading scripts/items/sphere_item_magic_weapon.scp
18:55:Loading scripts/items/sphere_item_magic_wands.scp
18:55:Loading scripts/items/sphere_item_magic_spellweaving.scp
18:55:Loading scripts/items/sphere_item_magic_skillmasteries.scp
18:55:Loading scripts/items/sphere_item_magic_ninjitsu_bushido.scp
18:55:Loading scripts/items/sphere_item_magic_necromancer_aos.scp
18:55:Loading scripts/items/sphere_item_magic_mysticism.scp
18:55:Loading scripts/items/sphere_item_magic_magery.scp
18:55:Loading scripts/items/sphere_item_magic_leather.scp
18:55:Loading scripts/items/sphere_item_magic_jewelry.scp
18:55:Loading scripts/items/sphere_item_magic_chivalry.scp
18:55:Loading scripts/items/sphere_item_magic_armor.scp
18:55:Loading scripts/items/sphere_item_holiday_valentines.scp
18:55:Loading scripts/items/sphere_item_holiday_thanksgiving.scp
18:55:Loading scripts/items/sphere_item_holiday_halloween.scp
18:55:Loading scripts/items/sphere_item_holiday_easter.scp
18:55:Loading scripts/items/sphere_item_holiday_christmas.scp
18:55:Loading scripts/items/sphere_item_holiday_anniversary.scp
18:55:Loading scripts/items/sphere_item_ground_tiles.scp
18:55:Loading scripts/items/sphere_item_deco_wall_hangings.scp
18:55:Loading scripts/items/sphere_item_deco_virtues.scp
18:55:Loading scripts/items/sphere_item_deco_themed_collections.scp
18:55:Loading scripts/items/sphere_item_deco_signs.scp
18:55:Loading scripts/items/sphere_item_deco_miniatures.scp
18:55:Loading scripts/items/sphere_item_deco_lightsources.scp
18:55:Loading scripts/items/sphere_item_deco_furniture.scp
18:55:Loading scripts/items/sphere_item_deco_fireplace_chimney_oven.scp
18:55:Loading scripts/items/sphere_item_deco_dungeons_traps_dead.scp
18:55:Loading scripts/items/sphere_item_deco_carvings_statues.scp
18:55:Loading scripts/items/sphere_item_deco_carpet_rugs.scp
18:55:Loading scripts/items/sphere_item_char_icons.scp
18:55:Loading scripts/items/sphere_item_building_walls.scp
18:55:Loading scripts/items/sphere_item_building_stairs.scp
18:55:Loading scripts/items/sphere_item_building_roofs.scp
18:55:Loading scripts/items/sphere_item_building_other.scp
18:55:Loading scripts/items/sphere_item_building_floors.scp
18:55:Loading scripts/items/sphere_item_building_doors.scp
18:55:Loading scripts/items/sphere_item_buildings.scp
18:55:Loading scripts/items/sphere_item_boulders_rocks.scp
18:55:Loading scripts/items/sphere_item_artifacts_tokuno.scp
18:55:Loading scripts/items/sphere_item_artifacts_minor.scp
18:55:Loading scripts/items/sphere_item_artifacts.scp
18:55:Loading scripts/items/sphere_item_animations.scp
18:55:Loading scripts/items/multis/multis_wandering_camps.scp
18:55:Loading scripts/items/multis/multis_stairs.scp
18:55:Loading scripts/items/multis/multis_ships.scp
18:55:Loading scripts/items/multis/multis_misc.scp
18:55:Loading scripts/items/multis/multis_magincia_bazaar.scp
18:55:Loading scripts/items/multis/multis_houses.scp
18:55:Loading scripts/items/multis/multis_foundations.scp
18:55:Loading scripts/npcs/sphere_vendors.scp
18:55:Loading scripts/npcs/sphere_monsters_custom.scp
18:55:Loading scripts/npcs/sphere_monsters.scp
18:55:Loading scripts/npcs/sphere_guildmasters.scp
18:55:Loading scripts/npcs/sphere_citizens.scp
18:55:Loading scripts/npcs/spherechar_human.scp
18:55:Loading scripts/npcs/spherechar_evil.scp
18:55:Loading scripts/speech/spk_ship_cmds.scp
18:55:Loading scripts/speech/spk_house_cmds.scp
18:55:Loading scripts/speech/speakshopkeep.scp
18:55:Loading scripts/speech/speakhuman.scp
18:55:Loading scripts/systems/sphere_system_treasure_maps.scp
18:55:Loading scripts/systems/sphere_system_secret_chest.scp
18:55:Loading scripts/systems/sphere_system_aquarium.scp
18:55:Loading scripts/sphere_spawns.scp
18:55:Loading scripts/sphere_spells.scp
18:55:Loading scripts/sphere_region.scp
18:55:Loading scripts/maps/sphere_map0.scp
18:55:Loading scripts/maps/sphere_map0_ml.scp
18:55:Loading scripts/maps/sphere_map0_sa.scp
18:55:Loading scripts/maps/sphere_map0_hs.scp
18:55:Loading scripts/maps/sphere_map1.scp
18:55:Loading scripts/maps/sphere_map2.scp
18:55:Loading scripts/maps/sphere_map2_ml.scp
18:55:Loading scripts/maps/sphere_map3.scp
18:55:Loading scripts/maps/sphere_map3_se.scp
18:55:Loading scripts/maps/sphere_map3_ml.scp
18:55:Loading scripts/maps/sphere_map4.scp
18:55:Loading scripts/maps/sphere_map5.scp
18:55:Loading scripts/maps/sphere_map5_tol.scp
18:55:Loading scripts/maps/sphere_map_points0.scp
18:55:Loading scripts/maps/sphere_map_points0_ml.scp
18:55:Loading scripts/maps/sphere_map_points0_hs.scp
18:55:Loading scripts/maps/sphere_map_points0_tol.scp
18:55:Loading scripts/maps/sphere_map_points1.scp
18:55:Loading scripts/maps/sphere_map_points2.scp
18:55:Loading scripts/maps/sphere_map_points2_ml.scp
18:55:Loading scripts/maps/sphere_map_points3.scp
18:55:Loading scripts/maps/sphere_map_points3_se.scp
18:55:Loading scripts/maps/sphere_map_points3_ml.scp
18:55:Loading scripts/maps/sphere_map_points4.scp
18:55:Loading scripts/maps/sphere_map_points5.scp
18:55:Loading scripts/maps/sphere_map_points5_tol.scp
18:55:Loading scripts/sphere_template.scp
18:55:Loading scripts/sphere_template_loot.scp
18:55:Loading scripts/sphere_template_vend.scp
18:55:Loading scripts/sphere_template_weapons.scp
18:55:Loading scripts/sphere_template_sets.scp
18:55:Loading scripts/sphere_template_misc.scp
18:55:Loading scripts/sphere_template_magic.scp
18:55:Loading scripts/sphere_template_armor.scp
18:55:Loading scripts/sphere_msgs.scp
18:55:Loading scripts/sphere_combat.scp
18:55:Loading scripts/sphere_add_sqlite.scp
18:55:Loaded 180 client encryption keys.
18:55:Server started on hostname 'DESKTOP-GIBNJ24'
18:55:Monitoring IP 192.168.0.11:2593
18:55:Loading save/spheredata...
18:55:Loading save/spherestatics...
18:55:Loading save/spheremultis...
18:55:Loading save/sphereworld...
18:55:Loading save/spherechars...
18:55:Garbage Collection: started.
18:55:Garbage Collection: done. 0 Objects accounted for.
18:55:Option flags: CommandSysmessages + NoHouseMuteSpeech
18:55:Admin=me@my.email.com, URL=www.myshard.com, Lang=English, TZ=0
18:55:Startup complete. items=0, chars=0
18:55:Press '?' for console commands.
18:55:Started 1 network threads.
18:55:FATAL:Server terminated: Console window closed (code 5)
18:56:SphereServer-eXperimental Version 0.56d-Debug [WIN32] by www.spherecommunity.net.
18:56:Compiled at Mar 17 2018 (10:50:09) [build 2639 / GIT hash c3a4d10efb65bcaa755ff3b0afc6f44cbe722cdd]

18:56:Expansion maps supported: Felucca (0), Trammel (1), Ilshenar (2), Malas (3), Tokuno Islands (4), Ter Mur (5)
18:56:Allocating map sectors: 0=7168 1=7168 2=900 3=1280 4=484 5=1280
18:56:
Indexing 159 scripts...
18:56:Loading scripts/sphere_admin.scp
18:56:Loading scripts/sphere_backward_compatibility.scp
18:56:Loading scripts/sphere_book.scp
18:56:Loading scripts/sphere_defs.scp
18:56:Loading scripts/sphere_dialog.scp
18:56:Loading scripts/sphere_events_human.scp
18:56:Loading scripts/sphere_events_npcs.scp
18:56:Loading scripts/sphere_menu.scp
18:56:Loading scripts/sphere_name.scp
18:56:Loading scripts/sphere_serv_triggers.scp
18:56:Loading scripts/sphere_skills.scp
18:56:Loading scripts/sphere_skillmenu.scp
18:56:Loading scripts/sphere_newb.scp
18:56:Loading scripts/sphere_speech.scp
18:56:Loading scripts/sphere_types.scp
18:56:Loading scripts/items/sphere_item_wedding.scp
18:56:Loading scripts/items/sphere_item_vice_virtue.scp
18:56:Loading scripts/items/sphere_item_veteran_rewards.scp
18:56:Loading scripts/items/sphere_item_vegetation.scp
18:56:Loading scripts/items/sphere_item_unsorted.scp
18:56:Loading scripts/items/sphere_item_typedef_equipitem.scp
18:56:Loading scripts/items/sphere_item_typedefs.scp
18:56:Loading scripts/items/sphere_item_theme_pack_shadow.scp
18:56:Loading scripts/items/sphere_item_theme_pack_rustic.scp
18:56:Loading scripts/items/sphere_item_theme_pack_kings_collection.scp
18:56:Loading scripts/items/sphere_item_theme_pack_gothic.scp
18:56:Loading scripts/items/sphere_item_theme_pack_crystal.scp
18:56:Loading scripts/items/sphere_item_siege.scp
18:56:Loading scripts/items/sphere_item_ship_parts_tokuno.scp
18:56:Loading scripts/items/sphere_item_ship_parts_orcish.scp
18:56:Loading scripts/items/sphere_item_ship_parts_gargish.scp
18:56:Loading scripts/items/sphere_item_ship_parts_britannian.scp
18:56:Loading scripts/items/sphere_item_ship_parts.scp
18:56:Loading scripts/items/sphere_item_resources.scp
18:56:Loading scripts/items/sphere_item_quests.scp
18:56:Loading scripts/items/sphere_item_provisions_weapons.scp
18:56:Loading scripts/items/sphere_item_provisions_shields.scp
18:56:Loading scripts/items/sphere_item_provisions_potions.scp
18:56:Loading scripts/items/sphere_item_provisions_ore.scp
18:56:Loading scripts/items/sphere_item_provisions_misc.scp
18:56:Loading scripts/items/sphere_item_provisions_logs.scp
18:56:Loading scripts/items/sphere_item_provisions_jewelry.scp
18:56:Loading scripts/items/sphere_item_provisions_deed.scp
18:56:Loading scripts/items/sphere_item_provisions_clothing.scp
18:56:Loading scripts/items/sphere_item_provisions_armor_color.scp
18:56:Loading scripts/items/sphere_item_provisions_armor.scp
18:56:Loading scripts/items/sphere_item_profession_tailor_tanner.scp
18:56:Loading scripts/items/sphere_item_profession_cook_barkeep_baker.scp
18:56:Loading scripts/items/sphere_item_profession_cartographer.scp
18:56:Loading scripts/items/sphere_item_profession_barber.scp
18:56:Loading scripts/items/sphere_item_profession_alchemist.scp
18:56:Loading scripts/items/sphere_item_profession.scp
18:56:Loading scripts/items/sphere_item_offset.scp
18:56:Loading scripts/items/sphere_item_misc.scp
18:56:Loading scripts/items/sphere_item_memories.scp
18:56:Loading scripts/items/sphere_item_magic_weapon.scp
18:56:Loading scripts/items/sphere_item_magic_wands.scp
18:56:Loading scripts/items/sphere_item_magic_spellweaving.scp
18:56:Loading scripts/items/sphere_item_magic_skillmasteries.scp
18:56:Loading scripts/items/sphere_item_magic_ninjitsu_bushido.scp
18:56:Loading scripts/items/sphere_item_magic_necromancer_aos.scp
18:56:Loading scripts/items/sphere_item_magic_mysticism.scp
18:56:Loading scripts/items/sphere_item_magic_magery.scp
18:56:Loading scripts/items/sphere_item_magic_leather.scp
18:56:Loading scripts/items/sphere_item_magic_jewelry.scp
18:56:Loading scripts/items/sphere_item_magic_chivalry.scp
18:56:Loading scripts/items/sphere_item_magic_armor.scp
18:56:Loading scripts/items/sphere_item_holiday_valentines.scp
18:56:Loading scripts/items/sphere_item_holiday_thanksgiving.scp
18:56:Loading scripts/items/sphere_item_holiday_halloween.scp
18:56:Loading scripts/items/sphere_item_holiday_easter.scp
18:56:Loading scripts/items/sphere_item_holiday_christmas.scp
18:56:Loading scripts/items/sphere_item_holiday_anniversary.scp
18:56:Loading scripts/items/sphere_item_ground_tiles.scp
18:56:Loading scripts/items/sphere_item_deco_wall_hangings.scp
18:56:Loading scripts/items/sphere_item_deco_virtues.scp
18:56:Loading scripts/items/sphere_item_deco_themed_collections.scp
18:56:Loading scripts/items/sphere_item_deco_signs.scp
18:56:Loading scripts/items/sphere_item_deco_miniatures.scp
18:56:Loading scripts/items/sphere_item_deco_lightsources.scp
18:56:Loading scripts/items/sphere_item_deco_furniture.scp
18:56:Loading scripts/items/sphere_item_deco_fireplace_chimney_oven.scp
18:56:Loading scripts/items/sphere_item_deco_dungeons_traps_dead.scp
18:56:Loading scripts/items/sphere_item_deco_carvings_statues.scp
18:56:Loading scripts/items/sphere_item_deco_carpet_rugs.scp
18:56:Loading scripts/items/sphere_item_char_icons.scp
18:56:Loading scripts/items/sphere_item_building_walls.scp
18:56:Loading scripts/items/sphere_item_building_stairs.scp
18:56:Loading scripts/items/sphere_item_building_roofs.scp
18:56:Loading scripts/items/sphere_item_building_other.scp
18:56:Loading scripts/items/sphere_item_building_floors.scp
18:56:Loading scripts/items/sphere_item_building_doors.scp
18:56:Loading scripts/items/sphere_item_buildings.scp
18:56:Loading scripts/items/sphere_item_boulders_rocks.scp
18:56:Loading scripts/items/sphere_item_artifacts_tokuno.scp
18:56:Loading scripts/items/sphere_item_artifacts_minor.scp
18:56:Loading scripts/items/sphere_item_artifacts.scp
18:56:Loading scripts/items/sphere_item_animations.scp
18:56:Loading scripts/items/multis/multis_wandering_camps.scp
18:56:Loading scripts/items/multis/multis_stairs.scp
18:56:Loading scripts/items/multis/multis_ships.scp
18:56:Loading scripts/items/multis/multis_misc.scp
18:56:Loading scripts/items/multis/multis_magincia_bazaar.scp
18:56:Loading scripts/items/multis/multis_houses.scp
18:56:Loading scripts/items/multis/multis_foundations.scp
18:56:Loading scripts/npcs/sphere_vendors.scp
18:56:Loading scripts/npcs/sphere_monsters_custom.scp
18:56:Loading scripts/npcs/sphere_monsters.scp
18:56:Loading scripts/npcs/sphere_guildmasters.scp
18:56:Loading scripts/npcs/sphere_citizens.scp
18:56:Loading scripts/npcs/spherechar_human.scp
18:56:Loading scripts/npcs/spherechar_evil.scp
18:56:Loading scripts/speech/spk_ship_cmds.scp
18:56:Loading scripts/speech/spk_house_cmds.scp
18:56:Loading scripts/speech/speakshopkeep.scp
18:56:Loading scripts/speech/speakhuman.scp
18:56:Loading scripts/systems/sphere_system_treasure_maps.scp
18:56:Loading scripts/systems/sphere_system_secret_chest.scp
18:56:Loading scripts/systems/sphere_system_aquarium.scp
18:56:Loading scripts/sphere_spawns.scp
18:56:Loading scripts/sphere_spells.scp
18:56:Loading scripts/sphere_region.scp
18:56:Loading scripts/maps/sphere_map0.scp
18:56:Loading scripts/maps/sphere_map0_ml.scp
18:56:Loading scripts/maps/sphere_map0_sa.scp
18:56:Loading scripts/maps/sphere_map0_hs.scp
18:56:Loading scripts/maps/sphere_map1.scp
18:56:Loading scripts/maps/sphere_map2.scp
18:56:Loading scripts/maps/sphere_map2_ml.scp
18:56:Loading scripts/maps/sphere_map3.scp
18:56:Loading scripts/maps/sphere_map3_se.scp
18:56:Loading scripts/maps/sphere_map3_ml.scp
18:56:Loading scripts/maps/sphere_map4.scp
18:56:Loading scripts/maps/sphere_map5.scp
18:56:Loading scripts/maps/sphere_map5_tol.scp
18:56:Loading scripts/maps/sphere_map_points0.scp
18:56:Loading scripts/maps/sphere_map_points0_ml.scp
18:56:Loading scripts/maps/sphere_map_points0_hs.scp
18:56:Loading scripts/maps/sphere_map_points0_tol.scp
18:56:Loading scripts/maps/sphere_map_points1.scp
18:56:Loading scripts/maps/sphere_map_points2.scp
18:56:Loading scripts/maps/sphere_map_points2_ml.scp
18:56:Loading scripts/maps/sphere_map_points3.scp
18:56:Loading scripts/maps/sphere_map_points3_se.scp
18:56:Loading scripts/maps/sphere_map_points3_ml.scp
18:56:Loading scripts/maps/sphere_map_points4.scp
18:56:Loading scripts/maps/sphere_map_points5.scp
18:56:Loading scripts/maps/sphere_map_points5_tol.scp
18:56:Loading scripts/sphere_template.scp
18:56:Loading scripts/sphere_template_loot.scp
18:56:Loading scripts/sphere_template_vend.scp
18:56:Loading scripts/sphere_template_weapons.scp
18:56:Loading scripts/sphere_template_sets.scp
18:56:Loading scripts/sphere_template_misc.scp
18:56:Loading scripts/sphere_template_magic.scp
18:56:Loading scripts/sphere_template_armor.scp
18:56:Loading scripts/sphere_msgs.scp
18:56:Loading scripts/sphere_combat.scp
18:56:Loading scripts/sphere_add_sqlite.scp
18:56:Loaded 180 client encryption keys.
18:56:Server started on hostname 'DESKTOP-GIBNJ24'
18:56:Monitoring IP 192.168.0.11:2593
18:56:Loading save/spheredata...
18:56:Loading save/spherestatics...
18:56:Loading save/spheremultis...
18:56:Loading save/sphereworld...
18:56:Loading save/spherechars...
18:56:Garbage Collection: started.
18:56:Garbage Collection: done. 0 Objects accounted for.
18:56:Option flags: CommandSysmessages + NoHouseMuteSpeech
18:56:Admin=me@my.email.com, URL=www.myshard.com, Lang=English, TZ=0
18:56:Startup complete. items=0, chars=0
18:56:Press '?' for console commands.
18:56:Started 1 network threads.
18:56:FATAL:Server terminated: Console window closed (code 5)
18:56:SphereServer-eXperimental Version 0.56d-Debug [WIN64] by www.spherecommunity.net.
18:56:Compiled at Mar 17 2018 (10:46:23) [build 2639 / GIT hash c3a4d10efb65bcaa755ff3b0afc6f44cbe722cdd]

18:56:Expansion maps supported: Felucca (0), Trammel (1), Ilshenar (2), Malas (3), Tokuno Islands (4), Ter Mur (5)
18:56:Allocating map sectors: 0=7168 1=7168 2=900 3=1280 4=484 5=1280
18:56:
Indexing 159 scripts...
18:56:Loading scripts/sphere_admin.scp
18:56:Loading scripts/sphere_backward_compatibility.scp
18:56:Loading scripts/sphere_book.scp
18:56:Loading scripts/sphere_defs.scp
18:56:Loading scripts/sphere_dialog.scp
18:56:Loading scripts/sphere_events_human.scp
18:56:Loading scripts/sphere_events_npcs.scp
18:56:Loading scripts/sphere_menu.scp
18:56:Loading scripts/sphere_name.scp
18:56:Loading scripts/sphere_serv_triggers.scp
18:56:Loading scripts/sphere_skills.scp
18:56:Loading scripts/sphere_skillmenu.scp
18:56:Loading scripts/sphere_newb.scp
18:56:Loading scripts/sphere_speech.scp
18:56:Loading scripts/sphere_types.scp
18:56:Loading scripts/items/sphere_item_wedding.scp
18:56:Loading scripts/items/sphere_item_vice_virtue.scp
18:56:Loading scripts/items/sphere_item_veteran_rewards.scp
18:56:Loading scripts/items/sphere_item_vegetation.scp
18:56:Loading scripts/items/sphere_item_unsorted.scp
18:56:Loading scripts/items/sphere_item_typedef_equipitem.scp
18:56:Loading scripts/items/sphere_item_typedefs.scp
18:56:Loading scripts/items/sphere_item_theme_pack_shadow.scp
18:56:Loading scripts/items/sphere_item_theme_pack_rustic.scp
18:56:Loading scripts/items/sphere_item_theme_pack_kings_collection.scp
18:56:Loading scripts/items/sphere_item_theme_pack_gothic.scp
18:56:Loading scripts/items/sphere_item_theme_pack_crystal.scp
18:56:Loading scripts/items/sphere_item_siege.scp
18:56:Loading scripts/items/sphere_item_ship_parts_tokuno.scp
18:56:Loading scripts/items/sphere_item_ship_parts_orcish.scp
18:56:Loading scripts/items/sphere_item_ship_parts_gargish.scp
18:56:Loading scripts/items/sphere_item_ship_parts_britannian.scp
18:56:Loading scripts/items/sphere_item_ship_parts.scp
18:56:Loading scripts/items/sphere_item_resources.scp
18:56:Loading scripts/items/sphere_item_quests.scp
18:56:Loading scripts/items/sphere_item_provisions_weapons.scp
18:56:Loading scripts/items/sphere_item_provisions_shields.scp
18:56:Loading scripts/items/sphere_item_provisions_potions.scp
18:56:Loading scripts/items/sphere_item_provisions_ore.scp
18:56:Loading scripts/items/sphere_item_provisions_misc.scp
18:56:Loading scripts/items/sphere_item_provisions_logs.scp
18:56:Loading scripts/items/sphere_item_provisions_jewelry.scp
18:56:Loading scripts/items/sphere_item_provisions_deed.scp
18:56:Loading scripts/items/sphere_item_provisions_clothing.scp
18:56:Loading scripts/items/sphere_item_provisions_armor_color.scp
18:56:Loading scripts/items/sphere_item_provisions_armor.scp
18:56:Loading scripts/items/sphere_item_profession_tailor_tanner.scp
18:56:Loading scripts/items/sphere_item_profession_cook_barkeep_baker.scp
18:56:Loading scripts/items/sphere_item_profession_cartographer.scp
18:56:Loading scripts/items/sphere_item_profession_barber.scp
18:56:Loading scripts/items/sphere_item_profession_alchemist.scp
18:56:Loading scripts/items/sphere_item_profession.scp
18:56:Loading scripts/items/sphere_item_offset.scp
18:56:Loading scripts/items/sphere_item_misc.scp
18:56:Loading scripts/items/sphere_item_memories.scp
18:56:Loading scripts/items/sphere_item_magic_weapon.scp
18:56:Loading scripts/items/sphere_item_magic_wands.scp
18:56:Loading scripts/items/sphere_item_magic_spellweaving.scp
18:56:Loading scripts/items/sphere_item_magic_skillmasteries.scp
18:56:Loading scripts/items/sphere_item_magic_ninjitsu_bushido.scp
18:56:Loading scripts/items/sphere_item_magic_necromancer_aos.scp
18:56:Loading scripts/items/sphere_item_magic_mysticism.scp
18:56:Loading scripts/items/sphere_item_magic_magery.scp
18:56:Loading scripts/items/sphere_item_magic_leather.scp
18:56:Loading scripts/items/sphere_item_magic_jewelry.scp
18:56:Loading scripts/items/sphere_item_magic_chivalry.scp
18:56:Loading scripts/items/sphere_item_magic_armor.scp
18:56:Loading scripts/items/sphere_item_holiday_valentines.scp
18:56:Loading scripts/items/sphere_item_holiday_thanksgiving.scp
18:56:Loading scripts/items/sphere_item_holiday_halloween.scp
18:56:Loading scripts/items/sphere_item_holiday_easter.scp
18:56:Loading scripts/items/sphere_item_holiday_christmas.scp
18:56:Loading scripts/items/sphere_item_holiday_anniversary.scp
18:56:Loading scripts/items/sphere_item_ground_tiles.scp
18:56:Loading scripts/items/sphere_item_deco_wall_hangings.scp
18:56:Loading scripts/items/sphere_item_deco_virtues.scp
18:56:Loading scripts/items/sphere_item_deco_themed_collections.scp
18:56:Loading scripts/items/sphere_item_deco_signs.scp
18:56:Loading scripts/items/sphere_item_deco_miniatures.scp
18:56:Loading scripts/items/sphere_item_deco_lightsources.scp
18:56:Loading scripts/items/sphere_item_deco_furniture.scp
18:56:Loading scripts/items/sphere_item_deco_fireplace_chimney_oven.scp
18:56:Loading scripts/items/sphere_item_deco_dungeons_traps_dead.scp
18:56:Loading scripts/items/sphere_item_deco_carvings_statues.scp
18:56:Loading scripts/items/sphere_item_deco_carpet_rugs.scp
18:56:Loading scripts/items/sphere_item_char_icons.scp
18:56:Loading scripts/items/sphere_item_building_walls.scp
18:56:Loading scripts/items/sphere_item_building_stairs.scp
18:56:Loading scripts/items/sphere_item_building_roofs.scp
18:56:Loading scripts/items/sphere_item_building_other.scp
18:56:Loading scripts/items/sphere_item_building_floors.scp
18:56:Loading scripts/items/sphere_item_building_doors.scp
18:56:Loading scripts/items/sphere_item_buildings.scp
18:56:Loading scripts/items/sphere_item_boulders_rocks.scp
18:56:Loading scripts/items/sphere_item_artifacts_tokuno.scp
18:56:Loading scripts/items/sphere_item_artifacts_minor.scp
18:56:Loading scripts/items/sphere_item_artifacts.scp
18:56:Loading scripts/items/sphere_item_animations.scp
18:56:Loading scripts/items/multis/multis_wandering_camps.scp
18:56:Loading scripts/items/multis/multis_stairs.scp
18:56:Loading scripts/items/multis/multis_ships.scp
18:56:Loading scripts/items/multis/multis_misc.scp
18:56:Loading scripts/items/multis/multis_magincia_bazaar.scp
18:56:Loading scripts/items/multis/multis_houses.scp
18:56:Loading scripts/items/multis/multis_foundations.scp
18:56:Loading scripts/npcs/sphere_vendors.scp
18:56:Loading scripts/npcs/sphere_monsters_custom.scp
18:56:Loading scripts/npcs/sphere_monsters.scp
18:56:Loading scripts/npcs/sphere_guildmasters.scp
18:56:Loading scripts/npcs/sphere_citizens.scp
18:56:Loading scripts/npcs/spherechar_human.scp
18:56:Loading scripts/npcs/spherechar_evil.scp
18:56:Loading scripts/speech/spk_ship_cmds.scp
18:56:Loading scripts/speech/spk_house_cmds.scp
18:56:Loading scripts/speech/speakshopkeep.scp
18:56:Loading scripts/speech/speakhuman.scp
18:56:Loading scripts/systems/sphere_system_treasure_maps.scp
18:56:Loading scripts/systems/sphere_system_secret_chest.scp
18:56:Loading scripts/systems/sphere_system_aquarium.scp
18:56:Loading scripts/sphere_spawns.scp
18:56:Loading scripts/sphere_spells.scp
18:56:Loading scripts/sphere_region.scp
18:56:Loading scripts/maps/sphere_map0.scp
18:56:Loading scripts/maps/sphere_map0_ml.scp
18:56:Loading scripts/maps/sphere_map0_sa.scp
18:56:Loading scripts/maps/sphere_map0_hs.scp
18:56:Loading scripts/maps/sphere_map1.scp
18:56:Loading scripts/maps/sphere_map2.scp
18:56:Loading scripts/maps/sphere_map2_ml.scp
18:56:Loading scripts/maps/sphere_map3.scp
18:56:Loading scripts/maps/sphere_map3_se.scp
18:56:Loading scripts/maps/sphere_map3_ml.scp
18:56:Loading scripts/maps/sphere_map4.scp
18:56:Loading scripts/maps/sphere_map5.scp
18:56:Loading scripts/maps/sphere_map5_tol.scp
18:56:Loading scripts/maps/sphere_map_points0.scp
18:56:Loading scripts/maps/sphere_map_points0_ml.scp
18:56:Loading scripts/maps/sphere_map_points0_hs.scp
18:56:Loading scripts/maps/sphere_map_points0_tol.scp
18:56:Loading scripts/maps/sphere_map_points1.scp
18:56:Loading scripts/maps/sphere_map_points2.scp
18:56:Loading scripts/maps/sphere_map_points2_ml.scp
18:56:Loading scripts/maps/sphere_map_points3.scp
18:56:Loading scripts/maps/sphere_map_points3_se.scp
18:56:Loading scripts/maps/sphere_map_points3_ml.scp
18:56:Loading scripts/maps/sphere_map_points4.scp
18:56:Loading scripts/maps/sphere_map_points5.scp
18:56:Loading scripts/maps/sphere_map_points5_tol.scp
18:56:Loading scripts/sphere_template.scp
18:56:Loading scripts/sphere_template_loot.scp
18:56:Loading scripts/sphere_template_vend.scp
18:56:Loading scripts/sphere_template_weapons.scp
18:56:Loading scripts/sphere_template_sets.scp
18:56:Loading scripts/sphere_template_misc.scp
18:56:Loading scripts/sphere_template_magic.scp
18:56:Loading scripts/sphere_template_armor.scp
18:56:Loading scripts/sphere_msgs.scp
18:56:Loading scripts/sphere_combat.scp
18:56:Loading scripts/sphere_add_sqlite.scp
18:56:Loaded 180 client encryption keys.
18:56:Server started on hostname 'DESKTOP-GIBNJ24'
18:56:Monitoring IP 192.168.0.11:2593
18:56:Loading save/spheredata...
18:56:Loading save/spherestatics...
18:56:Loading save/spheremultis...
18:56:Loading save/sphereworld...
18:56:Loading save/spherechars...
18:56:Garbage Collection: started.
18:56:Garbage Collection: done. 0 Objects accounted for.
18:56:Option flags: CommandSysmessages + NoHouseMuteSpeech
18:56:Admin=me@my.email.com, URL=www.myshard.com, Lang=English, TZ=0
18:56:Startup complete. items=0, chars=0
18:56:Press '?' for console commands.
18:56:Started 1 network threads.
